p/4460-29460-6088.jpg 1 0 0 150 150
p/28834-3660-30379.jpg 1 0 0 150 150
p/10463-28246-15463.jpg 1 0 0 150 150
p/17037-4438-12396.jpg 1 0 0 150 150
p/31126-1214-11984.jpg 1 0 0 150 150
p/8446-18178-23978.jpg 1 0 0 150 150
p/7761-30164-16629.jpg 1 0 0 150 150
p/29804-571-8371.jpg 1 0 0 150 150
p/3185-32328-9821.jpg 1 0 0 150 150
p/21728-23609-18926.jpg 1 0 0 150 150
p/14892-13643-27647.jpg 1 0 0 150 150
p/14663-30339-8660.jpg 1 0 0 150 150
p/11259-13371-4432.jpg 1 0 0 150 150
p/16391-28983-5664.jpg 1 0 0 150 150
p/7510-27781-5791.jpg 1 0 0 150 150
p/25812-6535-15941.jpg 1 0 0 150 150
p/14499-20423-5280.jpg 1 0 0 150 150
p/14276-5254-27424.jpg 1 0 0 150 150
p/4716-11828-12614.jpg 1 0 0 150 150
p/27040-2597-13807.jpg 1 0 0 150 150
p/23503-28476-1493.jpg 1 0 0 150 150
p/16764-5239-17025.jpg 1 0 0 150 150
p/58-2156-18999.jpg 1 0 0 150 150
p/20361-30524-10413.jpg 1 0 0 150 150
p/8791-22162-22925.jpg 1 0 0 150 150
p/28969-25501-14600.jpg 1 0 0 150 150
p/11332-15653-25609.jpg 1 0 0 150 150
p/31300-19507-4306.jpg 1 0 0 150 150
p/26375-12259-25083.jpg 1 0 0 150 150
p/6106-3405-12592.jpg 1 0 0 150 150
p/19776-2746-7209.jpg 1 0 0 150 150
p/16344-28018-3488.jpg 1 0 0 150 150
p/3360-23531-23907.jpg 1 0 0 150 150
p/16942-14885-17833.jpg 1 0 0 150 150
p/28058-1133-8533.jpg 1 0 0 150 150
p/20257-1256-32210.jpg 1 0 0 150 150
p/2775-21135-21663.jpg 1 0 0 150 150
p/1757-17538-3029.jpg 1 0 0 150 150
p/7663-31456-31266.jpg 1 0 0 150 150
p/26190-24196-27155.jpg 1 0 0 150 150
p/17365-4947-18845.jpg 1 0 0 150 150
p/9520-23816-9801.jpg 1 0 0 150 150
p/30610-29853-7032.jpg 1 0 0 150 150
p/22883-21692-16260.jpg 1 0 0 150 150
p/13237-9698-13790.jpg 1 0 0 150 150
p/29572-16158-10066.jpg 1 0 0 150 150
p/28426-13968-20241.jpg 1 0 0 150 150
p/26808-19721-23098.jpg 1 0 0 150 150
p/26762-10889-22777.jpg 1 0 0 150 150
p/7626-30063-17262.jpg 1 0 0 150 150
p/30353-23687-27133.jpg 1 0 0 150 150
p/26488-17512-24510.jpg 1 0 0 150 150
p/19798-31420-22294.jpg 1 0 0 150 150
p/13322-11883-21454.jpg 1 0 0 150 150
p/28823-441-21281.jpg 1 0 0 150 150
p/12835-27610-27019.jpg 1 0 0 150 150
p/17556-22929-10099.jpg 1 0 0 150 150
p/2267-8388-10459.jpg 1 0 0 150 150
p/29246-31036-22963.jpg 1 0 0 150 150
p/29965-21733-32659.jpg 1 0 0 150 150
p/4783-13376-21219.jpg 1 0 0 150 150
p/24557-32753-11438.jpg 1 0 0 150 150
p/21979-5774-23487.jpg 1 0 0 150 150
p/17117-11794-25275.jpg 1 0 0 150 150
p/6280-29353-586.jpg 1 0 0 150 150
p/27776-174-21910.jpg 1 0 0 150 150
p/7547-1549-15525.jpg 1 0 0 150 150
p/31502-3949-10074.jpg 1 0 0 150 150
p/24052-22478-23842.jpg 1 0 0 150 150
p/8170-28026-26774.jpg 1 0 0 150 150
p/9564-13694-11161.jpg 1 0 0 150 150
p/113-22280-8126.jpg 1 0 0 150 150
p/27707-29268-14330.jpg 1 0 0 150 150
p/18452-19224-3044.jpg 1 0 0 150 150
p/9839-19594-14882.jpg 1 0 0 150 150
p/16297-5496-5800.jpg 1 0 0 150 150
p/30875-7430-4849.jpg 1 0 0 150 150
p/32253-3342-10604.jpg 1 0 0 150 150
p/2269-13628-17052.jpg 1 0 0 150 150
p/1453-2646-22987.jpg 1 0 0 150 150
p/24259-3922-26687.jpg 1 0 0 150 150
p/25654-23081-8522.jpg 1 0 0 150 150
p/1663-13445-7862.jpg 1 0 0 150 150
p/9802-12479-5200.jpg 1 0 0 150 150
p/27480-32203-19116.jpg 1 0 0 150 150
p/13669-24823-19539.jpg 1 0 0 150 150
p/7524-4792-11764.jpg 1 0 0 150 150
p/29343-23509-31060.jpg 1 0 0 150 150
p/30324-19109-21527.jpg 1 0 0 150 150
p/8898-15435-20109.jpg 1 0 0 150 150
p/21071-21518-11310.jpg 1 0 0 150 150
p/32671-25404-15977.jpg 1 0 0 150 150
p/20002-17980-25585.jpg 1 0 0 150 150
p/669-26557-14771.jpg 1 0 0 150 150
p/17206-291-22543.jpg 1 0 0 150 150
p/15506-24478-26129.jpg 1 0 0 150 150
p/28899-32653-11711.jpg 1 0 0 150 150
p/20182-17448-32690.jpg 1 0 0 150 150
p/2500-32632-27030.jpg 1 0 0 150 150
p/22932-30503-23110.jpg 1 0 0 150 150
p/6188-9403-6043.jpg 1 0 0 150 150
p/29539-11306-13615.jpg 1 0 0 150 150
p/28120-31215-22681.jpg 1 0 0 150 150
p/32277-14857-22261.jpg 1 0 0 150 150
p/4837-29580-26804.jpg 1 0 0 150 150
p/27854-6311-9214.jpg 1 0 0 150 150
p/26628-22865-29501.jpg 1 0 0 150 150
p/20312-3833-9342.jpg 1 0 0 150 150
p/28651-14825-18377.jpg 1 0 0 150 150
p/14004-21830-11692.jpg 1 0 0 150 150
p/29711-19659-17536.jpg 1 0 0 150 150
p/18164-12208-8758.jpg 1 0 0 150 150
p/30864-26210-2482.jpg 1 0 0 150 150
p/2631-17651-32246.jpg 1 0 0 150 150
p/13171-25197-19120.jpg 1 0 0 150 150
p/22869-13675-8421.jpg 1 0 0 150 150
p/31510-10407-20440.jpg 1 0 0 150 150
p/27853-13915-3408.jpg 1 0 0 150 150
p/24544-12202-32240.jpg 1 0 0 150 150
p/27708-13676-3401.jpg 1 0 0 150 150
p/25911-8720-30392.jpg 1 0 0 150 150
p/3615-18547-29535.jpg 1 0 0 150 150
p/3511-2523-9914.jpg 1 0 0 150 150
p/18390-17375-24315.jpg 1 0 0 150 150
p/21370-24983-7442.jpg 1 0 0 150 150
p/1474-23745-14081.jpg 1 0 0 150 150
p/257-13317-15409.jpg 1 0 0 150 150
p/3975-22285-29685.jpg 1 0 0 150 150
p/30521-31591-25482.jpg 1 0 0 150 150
p/2079-3345-1452.jpg 1 0 0 150 150
p/10751-610-17747.jpg 1 0 0 150 150
p/13307-12253-8776.jpg 1 0 0 150 150
p/25798-7365-27551.jpg 1 0 0 150 150
p/18377-24649-12960.jpg 1 0 0 150 150
p/2508-27923-31544.jpg 1 0 0 150 150
p/30379-31139-3763.jpg 1 0 0 150 150
p/9224-15662-32283.jpg 1 0 0 150 150
p/26503-7738-4748.jpg 1 0 0 150 150
p/12137-6181-16009.jpg 1 0 0 150 150
p/3309-12336-12880.jpg 1 0 0 150 150
p/12798-30004-25233.jpg 1 0 0 150 150
p/29979-5614-3936.jpg 1 0 0 150 150
p/23804-28470-30262.jpg 1 0 0 150 150
p/3813-29673-12673.jpg 1 0 0 150 150
p/17092-274-6821.jpg 1 0 0 150 150
p/31113-14763-27224.jpg 1 0 0 150 150
p/20306-24304-13080.jpg 1 0 0 150 150
p/4282-3625-24265.jpg 1 0 0 150 150
p/10938-5434-13392.jpg 1 0 0 150 150
p/21352-24569-2288.jpg 1 0 0 150 150
p/4516-27060-16855.jpg 1 0 0 150 150
p/21258-12260-3800.jpg 1 0 0 150 150
p/3557-24620-5219.jpg 1 0 0 150 150
p/23161-10466-21781.jpg 1 0 0 150 150
p/24990-2965-20238.jpg 1 0 0 150 150
p/16031-20108-4583.jpg 1 0 0 150 150
p/31124-19849-32073.jpg 1 0 0 150 150
p/8317-2939-9373.jpg 1 0 0 150 150
p/26524-8583-428.jpg 1 0 0 150 150
p/8034-17208-26182.jpg 1 0 0 150 150
p/19526-24167-22032.jpg 1 0 0 150 150
p/25411-20388-23544.jpg 1 0 0 150 150
p/18231-18392-12189.jpg 1 0 0 150 150
p/21135-4098-30771.jpg 1 0 0 150 150
p/4043-10983-30122.jpg 1 0 0 150 150
p/1024-30731-16423.jpg 1 0 0 150 150
p/19455-25567-4265.jpg 1 0 0 150 150
p/23594-28592-748.jpg 1 0 0 150 150
p/10665-24836-30319.jpg 1 0 0 150 150
p/6115-24694-11244.jpg 1 0 0 150 150
p/13961-19698-5019.jpg 1 0 0 150 150
p/6066-5014-26375.jpg 1 0 0 150 150
p/1473-21676-21990.jpg 1 0 0 150 150
p/26087-5185-7235.jpg 1 0 0 150 150
p/28075-18589-14757.jpg 1 0 0 150 150
p/30739-13242-2561.jpg 1 0 0 150 150
p/7985-29972-25797.jpg 1 0 0 150 150
p/26090-8484-18448.jpg 1 0 0 150 150
p/6150-19984-7170.jpg 1 0 0 150 150
p/2784-21816-4884.jpg 1 0 0 150 150
p/2939-15176-19253.jpg 1 0 0 150 150
p/5375-27194-14105.jpg 1 0 0 150 150
p/25029-17624-32733.jpg 1 0 0 150 150
p/12993-27368-6477.jpg 1 0 0 150 150
p/27622-26113-9562.jpg 1 0 0 150 150
p/13056-16190-3126.jpg 1 0 0 150 150
p/29347-13010-7281.jpg 1 0 0 150 150
p/19754-13373-5853.jpg 1 0 0 150 150
p/26916-5819-31761.jpg 1 0 0 150 150
p/15718-15383-30406.jpg 1 0 0 150 150
p/22578-3420-30577.jpg 1 0 0 150 150
p/14157-32368-13742.jpg 1 0 0 150 150
p/7476-9222-7675.jpg 1 0 0 150 150
p/15196-13462-32612.jpg 1 0 0 150 150
p/26713-8652-31658.jpg 1 0 0 150 150
p/26194-11229-18745.jpg 1 0 0 150 150
p/3978-13595-7355.jpg 1 0 0 150 150
p/12049-12414-9179.jpg 1 0 0 150 150
p/24606-18726-11750.jpg 1 0 0 150 150
p/1732-9645-2455.jpg 1 0 0 150 150
p/10092-31410-29307.jpg 1 0 0 150 150
p/16461-15300-30294.jpg 1 0 0 150 150
p/17062-23305-9234.jpg 1 0 0 150 150
p/22350-7092-25557.jpg 1 0 0 150 150
p/14495-6418-5044.jpg 1 0 0 150 150
p/29767-3863-13276.jpg 1 0 0 150 150
p/15481-5097-8866.jpg 1 0 0 150 150
p/12966-13980-29580.jpg 1 0 0 150 150
p/3650-5993-28973.jpg 1 0 0 150 150
p/1717-21666-1531.jpg 1 0 0 150 150
p/3849-25219-1076.jpg 1 0 0 150 150
p/31945-8258-31152.jpg 1 0 0 150 150
p/6137-26717-11844.jpg 1 0 0 150 150
p/14372-3344-25538.jpg 1 0 0 150 150
p/18549-20620-20339.jpg 1 0 0 150 150
p/26472-1631-25767.jpg 1 0 0 150 150
p/7502-24547-3948.jpg 1 0 0 150 150
p/9609-22736-17908.jpg 1 0 0 150 150
p/19337-31404-7998.jpg 1 0 0 150 150
p/16801-31595-15773.jpg 1 0 0 150 150
p/6995-10830-25846.jpg 1 0 0 150 150
p/32023-10650-8826.jpg 1 0 0 150 150
p/27657-19370-16649.jpg 1 0 0 150 150
p/18162-22974-3862.jpg 1 0 0 150 150
p/12427-6315-30227.jpg 1 0 0 150 150
p/9299-8241-25368.jpg 1 0 0 150 150
p/9007-28392-11650.jpg 1 0 0 150 150
p/8554-3319-6340.jpg 1 0 0 150 150
p/15114-22091-12313.jpg 1 0 0 150 150
p/9061-6762-19300.jpg 1 0 0 150 150
p/8305-11793-16247.jpg 1 0 0 150 150
p/4897-26017-25755.jpg 1 0 0 150 150
p/3290-23457-7685.jpg 1 0 0 150 150
p/27056-13676-499.jpg 1 0 0 150 150
p/14983-11792-19703.jpg 1 0 0 150 150
p/31466-23315-4385.jpg 1 0 0 150 150
p/23201-12877-27713.jpg 1 0 0 150 150
p/16291-18489-12500.jpg 1 0 0 150 150
p/1196-16195-1718.jpg 1 0 0 150 150
p/10310-24471-25866.jpg 1 0 0 150 150
p/18560-24184-31911.jpg 1 0 0 150 150
p/31185-6764-28994.jpg 1 0 0 150 150
p/3107-13552-16822.jpg 1 0 0 150 150
p/12955-10958-4.jpg 1 0 0 150 150
p/14653-354-20165.jpg 1 0 0 150 150
p/16704-23364-30356.jpg 1 0 0 150 150
p/509-30712-3874.jpg 1 0 0 150 150
p/18341-7762-15566.jpg 1 0 0 150 150
p/17316-2361-16481.jpg 1 0 0 150 150
p/1278-7392-11384.jpg 1 0 0 150 150
p/21785-18634-18045.jpg 1 0 0 150 150
p/9516-10397-6287.jpg 1 0 0 150 150
p/29226-555-27199.jpg 1 0 0 150 150
p/26873-22476-15456.jpg 1 0 0 150 150
p/107-25754-26107.jpg 1 0 0 150 150
p/12791-18985-13157.jpg 1 0 0 150 150
p/12498-23742-7457.jpg 1 0 0 150 150
p/17935-15036-11836.jpg 1 0 0 150 150
p/4480-466-27951.jpg 1 0 0 150 150
p/27136-8407-15931.jpg 1 0 0 150 150
p/3412-15710-17166.jpg 1 0 0 150 150
p/3938-19095-6249.jpg 1 0 0 150 150
p/11073-22471-5606.jpg 1 0 0 150 150
p/4584-7573-27104.jpg 1 0 0 150 150
p/11643-10552-10455.jpg 1 0 0 150 150
p/12529-5814-4841.jpg 1 0 0 150 150
p/2294-9648-3921.jpg 1 0 0 150 150
p/26029-18490-11092.jpg 1 0 0 150 150
p/8142-9285-29655.jpg 1 0 0 150 150
p/15204-1389-25043.jpg 1 0 0 150 150
p/17806-27859-8041.jpg 1 0 0 150 150
p/13978-13748-26980.jpg 1 0 0 150 150
p/27250-5289-18426.jpg 1 0 0 150 150
p/28967-31946-2828.jpg 1 0 0 150 150
p/27421-20993-20111.jpg 1 0 0 150 150
p/11391-5221-26488.jpg 1 0 0 150 150
p/31823-32574-25087.jpg 1 0 0 150 150
p/2234-27548-19255.jpg 1 0 0 150 150
p/3749-23108-370.jpg 1 0 0 150 150
p/7713-29385-427.jpg 1 0 0 150 150
p/25713-29035-10753.jpg 1 0 0 150 150
p/14406-30391-7658.jpg 1 0 0 150 150
p/31769-30422-9525.jpg 1 0 0 150 150
p/13555-9307-3612.jpg 1 0 0 150 150
p/29616-11321-563.jpg 1 0 0 150 150
p/24179-20085-19746.jpg 1 0 0 150 150
p/13982-5204-20944.jpg 1 0 0 150 150
p/20485-26809-30595.jpg 1 0 0 150 150
p/11410-25767-21995.jpg 1 0 0 150 150
p/23672-28799-15352.jpg 1 0 0 150 150
p/20756-8499-1718.jpg 1 0 0 150 150
p/23100-14598-25863.jpg 1 0 0 150 150
p/9583-11581-11489.jpg 1 0 0 150 150
p/30067-22989-24723.jpg 1 0 0 150 150
p/25300-16242-26040.jpg 1 0 0 150 150
p/1987-24464-846.jpg 1 0 0 150 150
p/16598-23775-18104.jpg 1 0 0 150 150
p/18170-27882-8544.jpg 1 0 0 150 150
p/7354-5521-4137.jpg 1 0 0 150 150
p/11969-15794-17109.jpg 1 0 0 150 150
p/24623-1763-701.jpg 1 0 0 150 150
p/12017-4221-2433.jpg 1 0 0 150 150
p/16997-29377-2626.jpg 1 0 0 150 150
p/12108-25594-8065.jpg 1 0 0 150 150
p/29857-22629-6125.jpg 1 0 0 150 150
p/12958-18948-2179.jpg 1 0 0 150 150
p/3005-14940-18631.jpg 1 0 0 150 150
p/7836-24718-17781.jpg 1 0 0 150 150
p/4662-28377-24892.jpg 1 0 0 150 150
p/15098-22754-12627.jpg 1 0 0 150 150
p/12982-19095-19690.jpg 1 0 0 150 150
p/10628-26571-10021.jpg 1 0 0 150 150
p/26940-31713-16916.jpg 1 0 0 150 150
p/14921-5531-11378.jpg 1 0 0 150 150
p/12626-21110-29295.jpg 1 0 0 150 150
p/25117-15151-22699.jpg 1 0 0 150 150
p/18925-19040-26396.jpg 1 0 0 150 150
p/3821-6493-20838.jpg 1 0 0 150 150
p/29676-19200-21520.jpg 1 0 0 150 150
p/27844-29304-17497.jpg 1 0 0 150 150
p/5714-30927-26426.jpg 1 0 0 150 150
p/14198-29122-7027.jpg 1 0 0 150 150
p/947-1970-27170.jpg 1 0 0 150 150
p/16453-2828-3215.jpg 1 0 0 150 150
p/18020-31951-2266.jpg 1 0 0 150 150
p/11261-25812-28043.jpg 1 0 0 150 150
p/28019-4664-18296.jpg 1 0 0 150 150
p/27992-24987-11982.jpg 1 0 0 150 150
p/25204-17406-12144.jpg 1 0 0 150 150
p/28850-2385-22914.jpg 1 0 0 150 150
p/26779-17754-6279.jpg 1 0 0 150 150
p/8524-31234-15372.jpg 1 0 0 150 150
p/6092-1550-13626.jpg 1 0 0 150 150
p/13746-14127-24198.jpg 1 0 0 150 150
p/635-23349-18634.jpg 1 0 0 150 150
p/22530-14706-14921.jpg 1 0 0 150 150
p/19349-7187-13642.jpg 1 0 0 150 150
p/6174-5218-21197.jpg 1 0 0 150 150
p/20941-25258-29287.jpg 1 0 0 150 150
p/28956-30418-866.jpg 1 0 0 150 150
p/20475-28955-2499.jpg 1 0 0 150 150
p/22633-16860-27792.jpg 1 0 0 150 150
p/30326-20507-31763.jpg 1 0 0 150 150
p/7285-1377-13605.jpg 1 0 0 150 150
p/8078-24580-611.jpg 1 0 0 150 150
p/6640-27861-7735.jpg 1 0 0 150 150
p/27021-7507-2354.jpg 1 0 0 150 150
p/20947-7582-1700.jpg 1 0 0 150 150
p/17131-4745-5953.jpg 1 0 0 150 150
p/32719-18508-14805.jpg 1 0 0 150 150
p/24987-11461-8258.jpg 1 0 0 150 150
p/18395-18540-5838.jpg 1 0 0 150 150
p/17563-13725-7126.jpg 1 0 0 150 150
p/15090-13005-4054.jpg 1 0 0 150 150
p/20260-25593-11129.jpg 1 0 0 150 150
p/7749-12400-2107.jpg 1 0 0 150 150
p/22330-5884-13889.jpg 1 0 0 150 150
p/23914-3188-31991.jpg 1 0 0 150 150
p/13671-12611-14252.jpg 1 0 0 150 150
p/12112-32189-32327.jpg 1 0 0 150 150
p/4572-32766-7878.jpg 1 0 0 150 150
p/1793-305-7030.jpg 1 0 0 150 150
p/25441-28853-5490.jpg 1 0 0 150 150
p/15479-8115-20321.jpg 1 0 0 150 150
p/26284-25006-27544.jpg 1 0 0 150 150
p/16144-19277-2953.jpg 1 0 0 150 150
p/20759-25686-16520.jpg 1 0 0 150 150
p/27237-10532-165.jpg 1 0 0 150 150
p/14293-9755-27864.jpg 1 0 0 150 150
p/3983-12844-1811.jpg 1 0 0 150 150
p/9491-13203-12663.jpg 1 0 0 150 150
p/16421-8888-24231.jpg 1 0 0 150 150
p/11941-15085-23772.jpg 1 0 0 150 150
p/13678-18772-13461.jpg 1 0 0 150 150
p/9774-9718-32116.jpg 1 0 0 150 150
p/7582-30610-18321.jpg 1 0 0 150 150
p/14574-10555-26804.jpg 1 0 0 150 150
p/31266-13230-28002.jpg 1 0 0 150 150
p/7568-3349-26759.jpg 1 0 0 150 150
p/23869-24627-31344.jpg 1 0 0 150 150
p/20656-20123-21737.jpg 1 0 0 150 150
p/2690-28426-27415.jpg 1 0 0 150 150
p/27893-4556-19950.jpg 1 0 0 150 150
p/5363-28573-32714.jpg 1 0 0 150 150
p/29172-2937-17032.jpg 1 0 0 150 150
p/24275-27624-4169.jpg 1 0 0 150 150
p/23858-22702-707.jpg 1 0 0 150 150
p/10850-9915-32628.jpg 1 0 0 150 150
p/25338-31404-22622.jpg 1 0 0 150 150
p/2081-30069-16512.jpg 1 0 0 150 150
p/26870-12729-5852.jpg 1 0 0 150 150
p/11859-12799-6049.jpg 1 0 0 150 150
p/12951-1607-21636.jpg 1 0 0 150 150
p/30416-11732-31587.jpg 1 0 0 150 150
p/2004-18248-6130.jpg 1 0 0 150 150
p/13162-13645-2365.jpg 1 0 0 150 150
p/4311-28076-18974.jpg 1 0 0 150 150
p/3698-8862-12083.jpg 1 0 0 150 150
p/15744-77-15109.jpg 1 0 0 150 150
p/5148-18967-19836.jpg 1 0 0 150 150
p/26090-4326-3935.jpg 1 0 0 150 150
p/6874-15786-30333.jpg 1 0 0 150 150
p/29017-2495-4094.jpg 1 0 0 150 150
p/23520-5065-26797.jpg 1 0 0 150 150
p/19261-5430-8143.jpg 1 0 0 150 150
p/31345-5649-13579.jpg 1 0 0 150 150
p/21031-15185-9110.jpg 1 0 0 150 150
p/18341-3687-3667.jpg 1 0 0 150 150
p/19173-14062-30416.jpg 1 0 0 150 150
p/4551-25964-18460.jpg 1 0 0 150 150
p/18981-19300-13173.jpg 1 0 0 150 150
p/4483-31603-27254.jpg 1 0 0 150 150
p/2372-23678-9822.jpg 1 0 0 150 150
p/23661-9568-15828.jpg 1 0 0 150 150
p/18241-1597-22685.jpg 1 0 0 150 150
p/31669-4372-9270.jpg 1 0 0 150 150
p/15590-16076-11798.jpg 1 0 0 150 150
p/12034-6492-18420.jpg 1 0 0 150 150
p/23458-31867-19465.jpg 1 0 0 150 150
p/20165-20340-28064.jpg 1 0 0 150 150
p/6316-15048-22137.jpg 1 0 0 150 150
p/32394-18592-24013.jpg 1 0 0 150 150
p/31338-23746-10641.jpg 1 0 0 150 150
p/16136-8297-13509.jpg 1 0 0 150 150
p/3116-8255-5233.jpg 1 0 0 150 150
p/16646-11392-16754.jpg 1 0 0 150 150
p/21692-27836-21776.jpg 1 0 0 150 150
p/27981-9559-18951.jpg 1 0 0 150 150
p/32343-4591-14612.jpg 1 0 0 150 150
p/15168-5865-23597.jpg 1 0 0 150 150
p/6912-21826-26057.jpg 1 0 0 150 150
p/30417-22356-4022.jpg 1 0 0 150 150
p/26203-19162-29095.jpg 1 0 0 150 150
p/20454-5413-9779.jpg 1 0 0 150 150
p/9829-13782-15365.jpg 1 0 0 150 150
p/18549-23949-1755.jpg 1 0 0 150 150
p/26314-23775-23525.jpg 1 0 0 150 150
p/9178-21211-3482.jpg 1 0 0 150 150
p/20135-13139-9472.jpg 1 0 0 150 150
p/10547-15847-19795.jpg 1 0 0 150 150
p/20219-15494-12928.jpg 1 0 0 150 150
p/11208-16729-4235.jpg 1 0 0 150 150
p/28691-30183-12549.jpg 1 0 0 150 150
p/12237-19433-24862.jpg 1 0 0 150 150
p/9904-11803-21991.jpg 1 0 0 150 150
p/30456-1812-32435.jpg 1 0 0 150 150
p/26055-19008-8151.jpg 1 0 0 150 150
p/6087-31193-15609.jpg 1 0 0 150 150
p/10233-26621-13642.jpg 1 0 0 150 150
p/19301-31599-5631.jpg 1 0 0 150 150
p/31805-23045-1875.jpg 1 0 0 150 150
p/10646-28708-8745.jpg 1 0 0 150 150
p/19287-32311-23515.jpg 1 0 0 150 150
p/26382-12987-28296.jpg 1 0 0 150 150
p/8201-12168-6227.jpg 1 0 0 150 150
p/10777-3842-9114.jpg 1 0 0 150 150
p/18980-27472-9813.jpg 1 0 0 150 150
p/31371-24191-27083.jpg 1 0 0 150 150
p/19681-30905-9684.jpg 1 0 0 150 150
p/1352-15962-17960.jpg 1 0 0 150 150
p/15153-19039-25794.jpg 1 0 0 150 150
p/12515-1528-6428.jpg 1 0 0 150 150
p/222-15709-21082.jpg 1 0 0 150 150
p/10282-12258-19003.jpg 1 0 0 150 150
p/11697-5730-27768.jpg 1 0 0 150 150
p/22684-23267-20317.jpg 1 0 0 150 150
p/14337-31871-1939.jpg 1 0 0 150 150
p/15884-30603-29337.jpg 1 0 0 150 150
p/26197-719-24164.jpg 1 0 0 150 150
p/530-11897-20970.jpg 1 0 0 150 150
p/13304-25894-7227.jpg 1 0 0 150 150
p/17648-7707-23671.jpg 1 0 0 150 150
p/8887-16746-9610.jpg 1 0 0 150 150
p/9996-19131-23767.jpg 1 0 0 150 150
p/5153-7752-19519.jpg 1 0 0 150 150
p/11586-4635-15569.jpg 1 0 0 150 150
p/1788-18776-29132.jpg 1 0 0 150 150
p/12172-13295-28253.jpg 1 0 0 150 150
p/463-20989-26403.jpg 1 0 0 150 150
p/30929-6899-5883.jpg 1 0 0 150 150
p/6580-29556-13034.jpg 1 0 0 150 150
p/26598-5738-3473.jpg 1 0 0 150 150
p/29899-28663-22696.jpg 1 0 0 150 150
p/3325-12882-16503.jpg 1 0 0 150 150
p/29188-32738-22474.jpg 1 0 0 150 150
p/15380-25743-87.jpg 1 0 0 150 150
p/21533-23346-28585.jpg 1 0 0 150 150
p/11308-26579-17928.jpg 1 0 0 150 150
p/31750-22753-22008.jpg 1 0 0 150 150
p/19528-26903-9365.jpg 1 0 0 150 150
p/30476-30439-1861.jpg 1 0 0 150 150
p/19074-13021-1543.jpg 1 0 0 150 150
p/30576-9956-15728.jpg 1 0 0 150 150
p/11970-20882-24747.jpg 1 0 0 150 150
p/19042-18118-30275.jpg 1 0 0 150 150
p/12753-22218-5108.jpg 1 0 0 150 150
p/5235-2531-23706.jpg 1 0 0 150 150
p/29410-29997-24354.jpg 1 0 0 150 150
p/7668-5731-26801.jpg 1 0 0 150 150
p/10445-15691-14672.jpg 1 0 0 150 150
p/21221-3054-14485.jpg 1 0 0 150 150
p/14720-23477-2467.jpg 1 0 0 150 150
p/24161-23536-1998.jpg 1 0 0 150 150
p/4483-27403-10153.jpg 1 0 0 150 150
p/1954-8450-23992.jpg 1 0 0 150 150
p/30331-18652-30506.jpg 1 0 0 150 150
p/16153-18989-5162.jpg 1 0 0 150 150
p/13068-29329-12278.jpg 1 0 0 150 150
p/11311-18464-19541.jpg 1 0 0 150 150
p/12176-20410-16763.jpg 1 0 0 150 150
p/6305-17820-22026.jpg 1 0 0 150 150
p/8829-2410-4900.jpg 1 0 0 150 150
p/23711-8602-1472.jpg 1 0 0 150 150
p/19565-12950-30164.jpg 1 0 0 150 150
p/32532-12536-2065.jpg 1 0 0 150 150
p/32545-9095-16369.jpg 1 0 0 150 150
p/10170-3759-32143.jpg 1 0 0 150 150
p/19460-4837-5347.jpg 1 0 0 150 150
p/21741-17639-8220.jpg 1 0 0 150 150
p/30186-14563-4600.jpg 1 0 0 150 150
p/5467-11866-29475.jpg 1 0 0 150 150
p/29476-13714-22010.jpg 1 0 0 150 150
p/24067-26350-6764.jpg 1 0 0 150 150
p/16420-6505-26124.jpg 1 0 0 150 150
p/1818-19303-30566.jpg 1 0 0 150 150
p/18501-24447-8577.jpg 1 0 0 150 150
p/5844-13220-11018.jpg 1 0 0 150 150
p/22314-4039-8917.jpg 1 0 0 150 150
p/21510-12330-31079.jpg 1 0 0 150 150
p/22915-4388-16321.jpg 1 0 0 150 150
p/28202-22234-19010.jpg 1 0 0 150 150
p/9027-2743-27857.jpg 1 0 0 150 150
p/32194-29503-15310.jpg 1 0 0 150 150
p/15441-22616-31690.jpg 1 0 0 150 150
p/27525-324-30740.jpg 1 0 0 150 150
p/8004-1750-4243.jpg 1 0 0 150 150
p/22753-943-405.jpg 1 0 0 150 150
p/11138-3465-17522.jpg 1 0 0 150 150
p/9409-1488-32307.jpg 1 0 0 150 150
p/28075-1316-20892.jpg 1 0 0 150 150
p/4239-15477-9297.jpg 1 0 0 150 150
p/25143-28623-2796.jpg 1 0 0 150 150
p/18812-31264-11832.jpg 1 0 0 150 150
p/5725-26229-9201.jpg 1 0 0 150 150
p/23039-27260-30652.jpg 1 0 0 150 150
p/19255-16218-3374.jpg 1 0 0 150 150
p/18330-18700-10783.jpg 1 0 0 150 150
p/32547-496-26780.jpg 1 0 0 150 150
p/24804-1829-6708.jpg 1 0 0 150 150
p/364-15338-23156.jpg 1 0 0 150 150
p/32707-5406-15560.jpg 1 0 0 150 150
p/29736-2960-14890.jpg 1 0 0 150 150
p/17400-17094-21821.jpg 1 0 0 150 150
p/24675-29525-26556.jpg 1 0 0 150 150
p/2528-27413-17015.jpg 1 0 0 150 150
p/16509-19110-18732.jpg 1 0 0 150 150
p/8569-24357-3579.jpg 1 0 0 150 150
p/9424-24581-13386.jpg 1 0 0 150 150
p/2466-17507-8532.jpg 1 0 0 150 150
p/22165-8277-18615.jpg 1 0 0 150 150
p/13223-23041-17848.jpg 1 0 0 150 150
p/7432-22391-32293.jpg 1 0 0 150 150
p/4859-22958-20972.jpg 1 0 0 150 150
p/2250-24085-27363.jpg 1 0 0 150 150
p/32071-26505-10852.jpg 1 0 0 150 150
p/27013-18621-1689.jpg 1 0 0 150 150
p/7843-17746-30638.jpg 1 0 0 150 150
p/20950-27697-27983.jpg 1 0 0 150 150
p/1571-15587-14096.jpg 1 0 0 150 150
p/19814-19197-26291.jpg 1 0 0 150 150
p/3732-30173-2415.jpg 1 0 0 150 150
p/11610-16457-13723.jpg 1 0 0 150 150
p/10119-10918-25714.jpg 1 0 0 150 150
p/3821-31727-29640.jpg 1 0 0 150 150
p/17038-28818-2535.jpg 1 0 0 150 150
p/90-9168-32237.jpg 1 0 0 150 150
p/26822-1888-26981.jpg 1 0 0 150 150
p/26623-11875-13295.jpg 1 0 0 150 150
p/15508-25576-20530.jpg 1 0 0 150 150
p/4543-19086-4461.jpg 1 0 0 150 150
p/27571-27153-2918.jpg 1 0 0 150 150
p/1703-26809-25218.jpg 1 0 0 150 150
p/21869-2568-24655.jpg 1 0 0 150 150
p/4820-14624-6345.jpg 1 0 0 150 150
p/26920-13486-32535.jpg 1 0 0 150 150
p/7571-13159-1185.jpg 1 0 0 150 150
p/292-23378-21412.jpg 1 0 0 150 150
p/14281-31603-30386.jpg 1 0 0 150 150
p/15747-28320-22719.jpg 1 0 0 150 150
p/1173-14199-3503.jpg 1 0 0 150 150
p/9097-4312-20856.jpg 1 0 0 150 150
p/24627-11085-13404.jpg 1 0 0 150 150
p/1316-28482-3272.jpg 1 0 0 150 150
p/26915-11527-5075.jpg 1 0 0 150 150
p/29869-30433-6008.jpg 1 0 0 150 150
p/20362-18116-32258.jpg 1 0 0 150 150
p/18672-22631-64.jpg 1 0 0 150 150
p/3800-6599-5240.jpg 1 0 0 150 150
p/30058-3944-4659.jpg 1 0 0 150 150
p/30122-22213-12128.jpg 1 0 0 150 150
p/15057-24785-10586.jpg 1 0 0 150 150
p/8177-24446-18637.jpg 1 0 0 150 150
p/29656-1178-1438.jpg 1 0 0 150 150
p/18259-25998-28727.jpg 1 0 0 150 150
p/563-28346-16362.jpg 1 0 0 150 150
p/3537-6789-2629.jpg 1 0 0 150 150
p/8153-27484-17808.jpg 1 0 0 150 150
p/9897-17716-24781.jpg 1 0 0 150 150
p/6281-591-32236.jpg 1 0 0 150 150
p/381-20554-18200.jpg 1 0 0 150 150
p/12174-21954-32327.jpg 1 0 0 150 150
p/23476-9759-22122.jpg 1 0 0 150 150
p/13766-28721-28669.jpg 1 0 0 150 150
p/23584-28110-1729.jpg 1 0 0 150 150
p/5088-13721-3297.jpg 1 0 0 150 150
p/7393-32136-10204.jpg 1 0 0 150 150
p/19684-27635-21984.jpg 1 0 0 150 150
p/18313-5671-32382.jpg 1 0 0 150 150
p/15609-3806-26596.jpg 1 0 0 150 150
p/10111-15362-2548.jpg 1 0 0 150 150
p/6241-25246-4858.jpg 1 0 0 150 150
p/22184-16639-13780.jpg 1 0 0 150 150
p/28359-31301-6071.jpg 1 0 0 150 150
p/26691-21486-31750.jpg 1 0 0 150 150
p/14013-9519-11991.jpg 1 0 0 150 150
p/13844-10516-15112.jpg 1 0 0 150 150
p/9600-30643-16166.jpg 1 0 0 150 150
p/13253-4101-17517.jpg 1 0 0 150 150
p/22269-25367-26019.jpg 1 0 0 150 150
p/27784-2742-26534.jpg 1 0 0 150 150
p/2584-4292-13282.jpg 1 0 0 150 150
p/3841-14802-32005.jpg 1 0 0 150 150
p/29995-29883-18609.jpg 1 0 0 150 150
p/11106-12876-13566.jpg 1 0 0 150 150
p/30413-19270-9982.jpg 1 0 0 150 150
p/2006-4149-12207.jpg 1 0 0 150 150
p/9940-30194-28408.jpg 1 0 0 150 150
p/12067-23247-8354.jpg 1 0 0 150 150
p/2972-27580-23924.jpg 1 0 0 150 150
p/7562-3554-721.jpg 1 0 0 150 150
p/30600-12426-13713.jpg 1 0 0 150 150
p/12273-23629-8426.jpg 1 0 0 150 150
p/21193-2012-30878.jpg 1 0 0 150 150
p/14660-32736-30163.jpg 1 0 0 150 150
p/21854-22211-4154.jpg 1 0 0 150 150
p/25112-10856-10608.jpg 1 0 0 150 150
p/30043-26897-20157.jpg 1 0 0 150 150
p/13969-27658-11683.jpg 1 0 0 150 150
p/3437-3538-27095.jpg 1 0 0 150 150
p/7482-28023-27281.jpg 1 0 0 150 150
p/1668-8917-16276.jpg 1 0 0 150 150
p/32669-16122-21366.jpg 1 0 0 150 150
p/10486-32320-23899.jpg 1 0 0 474 474
p/14788-891-20003.jpg 1 0 0 474 316
p/23333-3157-30431.jpg 1 0 0 474 266
p/8965-32120-30197.jpg 1 0 0 474 561
p/8322-31751-6846.jpg 1 0 0 474 304
p/7484-17154-5886.jpg 1 0 0 474 311
p/15213-14135-20808.jpg 1 0 0 474 266
p/17165-6904-27235.jpg 1 0 0 474 355
p/26943-29225-30183.jpg 1 0 0 474 316
p/11815-21983-10111.jpg 1 0 0 474 406
p/25295-3592-7199.jpg 1 0 0 474 220
p/11363-19769-22432.jpg 1 0 0 474 334
p/17282-19472-13488.jpg 1 0 0 320 234
p/5372-27169-10917.jpg 1 0 0 474 303
p/20286-30733-4786.jpg 1 0 0 474 300
p/25149-3288-3532.jpg 1 0 0 474 365
p/9123-22711-18206.jpg 1 0 0 474 632
p/25487-12751-19499.jpg 1 0 0 474 240
p/22778-28768-19713.jpg 1 0 0 474 355
p/25934-13422-20071.jpg 1 0 0 474 350
p/7096-30048-27329.jpg 1 0 0 474 711
p/25042-12779-20788.jpg 1 0 0 474 267
p/10-10599-11152.jpg 1 0 0 474 355
p/23983-25820-17100.jpg 1 0 0 474 713
p/14091-14892-32026.jpg 1 0 0 474 257
p/21295-22519-17555.jpg 1 0 0 474 355
p/560-12561-15085.jpg 1 0 0 474 355
p/2231-25460-6050.jpg 1 0 0 474 301
p/28808-22382-14341.jpg 1 0 0 474 183
p/18781-24095-31094.jpg 1 0 0 474 711
p/16957-13786-19611.jpg 1 0 0 474 307
p/22296-30026-11938.jpg 1 0 0 474 260
p/9969-17099-26839.jpg 1 0 0 474 315
p/15908-21539-25972.jpg 1 0 0 474 319
p/2348-6483-27236.jpg 1 0 0 474 355
p/16952-18782-14192.jpg 1 0 0 474 248
p/20411-13475-7175.jpg 1 0 0 474 247
p/19654-10830-30125.jpg 1 0 0 474 331
p/32064-31586-588.jpg 1 0 0 474 255
p/17036-7518-8717.jpg 1 0 0 474 355
p/9131-26142-26270.jpg 1 0 0 474 316
p/1894-4866-22227.jpg 1 0 0 474 296
p/11938-32653-13148.jpg 1 0 0 474 288
p/2024-6661-3790.jpg 1 0 0 474 355
p/28862-30821-3164.jpg 1 0 0 474 316
p/12251-14829-5190.jpg 1 0 0 474 315
p/11842-19446-10530.jpg 1 0 0 474 316
p/24636-14943-3809.jpg 1 0 0 474 296
p/11275-17942-1799.jpg 1 0 0 474 317
p/2653-21180-23802.jpg 1 0 0 474 671
p/9033-23652-13325.jpg 1 0 0 474 316
p/21728-20748-1668.jpg 1 0 0 474 256
p/2360-27750-11646.jpg 1 0 0 474 266
p/27499-7519-26216.jpg 1 0 0 474 340
p/9552-22611-15626.jpg 1 0 0 474 316
p/10440-24691-22108.jpg 1 0 0 474 249
p/2509-16600-25425.jpg 1 0 0 300 225
p/7537-6338-22116.jpg 1 0 0 474 289
p/11963-20947-20002.jpg 1 0 0 474 206
p/27662-30208-9179.jpg 1 0 0 474 266
p/7340-3260-15857.jpg 1 0 0 474 255
p/24164-25162-2327.jpg 1 0 0 474 355
p/17550-27086-19575.jpg 1 0 0 474 242
p/7881-4640-13273.jpg 1 0 0 474 331
p/31385-301-21685.jpg 1 0 0 474 355
p/5502-29263-10291.jpg 1 0 0 474 355
p/4383-10710-24908.jpg 1 0 0 474 315
p/24171-12218-7127.jpg 1 0 0 474 355
p/136-2342-27992.jpg 1 0 0 474 316
p/25901-29577-21568.jpg 1 0 0 474 316
p/15849-11120-4665.jpg 1 0 0 474 355
p/6258-18338-17195.jpg 1 0 0 474 671
p/30642-25957-11574.jpg 1 0 0 474 355
p/20529-15101-18341.jpg 1 0 0 474 266
p/29945-30982-22943.jpg 1 0 0 474 347
p/23033-19039-11545.jpg 1 0 0 474 266
p/7580-18193-27160.jpg 1 0 0 474 316
p/6145-27341-6833.jpg 1 0 0 474 266
p/20134-3087-9418.jpg 1 0 0 474 296
p/19962-8207-12249.jpg 1 0 0 474 316
p/11459-17990-16452.jpg 1 0 0 474 316
p/17472-25586-31189.jpg 1 0 0 474 316
p/21596-26408-1370.jpg 1 0 0 474 266
p/11377-20675-6572.jpg 1 0 0 474 316
p/1298-12090-4875.jpg 1 0 0 474 266
p/6680-3375-14227.jpg 1 0 0 474 316
p/16158-12110-24648.jpg 1 0 0 474 296
p/15051-10203-17057.jpg 1 0 0 474 276
p/29637-14965-32588.jpg 1 0 0 474 266
p/25230-8032-17017.jpg 1 0 0 474 302
p/29648-9718-5802.jpg 1 0 0 474 266
p/18156-14121-11417.jpg 1 0 0 474 355
p/29906-31481-25585.jpg 1 0 0 474 296
p/18245-11182-504.jpg 1 0 0 474 355
p/32106-4298-14916.jpg 1 0 0 474 266
p/8721-29387-8472.jpg 1 0 0 474 355
p/16403-14795-20312.jpg 1 0 0 474 266
p/17948-9371-13739.jpg 1 0 0 474 355
p/23651-9192-23056.jpg 1 0 0 474 355
p/20053-14085-19791.jpg 1 0 0 474 248
p/16804-2790-3435.jpg 1 0 0 474 296
p/24180-24385-10989.jpg 1 0 0 320 240
p/21517-905-3707.jpg 1 0 0 474 266
p/22463-12899-19181.jpg 1 0 0 474 316
p/24104-13863-26679.jpg 1 0 0 474 355
p/22307-22063-8912.jpg 1 0 0 474 335
p/3406-22368-4361.jpg 1 0 0 474 316
p/6834-22660-1531.jpg 1 0 0 474 266
p/7358-22626-28464.jpg 1 0 0 474 248
p/23852-9741-3274.jpg 1 0 0 474 355
p/26454-11271-27321.jpg 1 0 0 474 316
p/19528-31485-24145.jpg 1 0 0 474 315
p/22115-17223-32161.jpg 1 0 0 474 266
p/28897-29146-4821.jpg 1 0 0 474 253
p/23065-23845-23335.jpg 1 0 0 474 248
p/30722-21100-21727.jpg 1 0 0 474 266
p/19979-29792-20439.jpg 1 0 0 474 266
p/1443-10102-6455.jpg 1 0 0 474 266
p/22337-17298-9733.jpg 1 0 0 474 355
p/14039-3977-21789.jpg 1 0 0 474 314
p/23437-14178-262.jpg 1 0 0 474 266
p/21671-18723-6595.jpg 1 0 0 474 265
p/9189-30980-4495.jpg 1 0 0 474 266
p/15731-23752-30032.jpg 1 0 0 474 355
p/13726-8681-4175.jpg 1 0 0 474 355
p/2431-17381-17488.jpg 1 0 0 474 266
p/30704-9605-26060.jpg 1 0 0 160 83
p/1299-31216-27054.jpg 1 0 0 474 266
p/3517-14350-4571.jpg 1 0 0 474 266
p/5214-27800-1775.jpg 1 0 0 474 317
p/31002-24206-15498.jpg 1 0 0 474 309
p/12350-29166-19434.jpg 1 0 0 474 314
p/20197-32267-22217.jpg 1 0 0 474 266
p/18521-13621-20248.jpg 1 0 0 474 316
p/11372-18286-22884.jpg 1 0 0 474 348
p/13967-28134-28716.jpg 1 0 0 474 355
p/29347-8761-15541.jpg 1 0 0 474 291
p/696-25246-5358.jpg 1 0 0 474 315
p/15792-25550-15328.jpg 1 0 0 474 355
p/26048-25554-17047.jpg 1 0 0 474 355
p/7315-10717-25307.jpg 1 0 0 474 266
p/28469-19388-29074.jpg 1 0 0 474 217
p/24443-15484-31598.jpg 1 0 0 474 355
p/7984-9151-3800.jpg 1 0 0 474 237
p/19594-26720-8832.jpg 1 0 0 474 314
p/19479-27286-10463.jpg 1 0 0 474 322
p/11123-27481-2010.jpg 1 0 0 474 294
p/32037-7378-8314.jpg 1 0 0 474 266
p/7209-19513-26282.jpg 1 0 0 474 315
p/10414-26961-15033.jpg 1 0 0 474 315
p/1429-28781-17807.jpg 1 0 0 474 215
p/19926-15217-3771.jpg 1 0 0 450 300
p/19772-32728-20959.jpg 1 0 0 474 266
p/29892-3494-1103.jpg 1 0 0 474 263
p/11133-29198-6764.jpg 1 0 0 474 316
p/12206-27464-10429.jpg 1 0 0 474 355
p/6929-15675-10864.jpg 1 0 0 474 266
p/22946-14568-13129.jpg 1 0 0 474 295
p/6628-24743-30856.jpg 1 0 0 474 266
p/22893-28099-3931.jpg 1 0 0 474 248
p/22322-4330-27750.jpg 1 0 0 474 316
p/28120-19660-23766.jpg 1 0 0 474 474
p/30504-29945-14734.jpg 1 0 0 474 355
p/26858-21882-20516.jpg 1 0 0 474 296
p/21262-6378-6684.jpg 1 0 0 474 317
p/17974-27963-14607.jpg 1 0 0 474 237
p/11531-22581-18485.jpg 1 0 0 474 355
p/4618-13488-14704.jpg 1 0 0 474 317
p/2945-4179-7576.jpg 1 0 0 474 266
p/30459-9630-11979.jpg 1 0 0 474 355
p/29906-4530-21963.jpg 1 0 0 474 355
p/28634-20071-32080.jpg 1 0 0 474 355
p/7568-30515-12810.jpg 1 0 0 474 331
p/17118-23386-6812.jpg 1 0 0 474 315
p/3556-30007-8508.jpg 1 0 0 474 311
p/9971-25833-1867.jpg 1 0 0 474 194
p/639-4596-280.jpg 1 0 0 474 296
p/20117-18686-12897.jpg 1 0 0 474 266
p/23752-24362-21092.jpg 1 0 0 474 266
p/23058-15749-22013.jpg 1 0 0 474 316
p/24180-22256-23426.jpg 1 0 0 474 301
p/8149-11801-3984.jpg 1 0 0 474 561
p/16458-20894-15146.jpg 1 0 0 474 355
p/21235-11172-19799.jpg 1 0 0 474 355
p/4096-6588-7615.jpg 1 0 0 474 316
p/29094-26472-8340.jpg 1 0 0 474 245
p/3587-25113-7494.jpg 1 0 0 474 315
p/7159-6355-20781.jpg 1 0 0 474 310
p/2926-28188-26526.jpg 1 0 0 474 302
p/413-17642-28682.jpg 1 0 0 474 355
p/20959-27083-9996.jpg 1 0 0 474 316
p/23286-23215-22455.jpg 1 0 0 474 296
p/15388-8926-28166.jpg 1 0 0 474 299
p/14040-10453-20002.jpg 1 0 0 474 290
p/6037-15133-25147.jpg 1 0 0 474 266
p/19315-23538-29407.jpg 1 0 0 474 238
p/32582-7475-28276.jpg 1 0 0 474 316
p/28905-11874-23453.jpg 1 0 0 474 387
p/27868-5993-23958.jpg 1 0 0 474 266
p/10465-21349-14421.jpg 1 0 0 474 379
p/25423-20393-21622.jpg 1 0 0 474 354
p/23305-19845-5370.jpg 1 0 0 474 355
p/472-14971-4783.jpg 1 0 0 474 339
p/10681-13882-21143.jpg 1 0 0 474 266
p/18691-2225-5382.jpg 1 0 0 474 257
p/17311-27828-29859.jpg 1 0 0 474 841
p/24874-6498-23212.jpg 1 0 0 474 315
p/24694-24107-4336.jpg 1 0 0 474 240
p/19356-15857-8115.jpg 1 0 0 474 474
p/28577-15879-27398.jpg 1 0 0 474 266
p/14707-21969-2021.jpg 1 0 0 474 451
p/24399-26242-29025.jpg 1 0 0 474 266
p/18088-8592-1635.jpg 1 0 0 474 266
p/21256-1891-1682.jpg 1 0 0 474 270
p/21438-29102-26969.jpg 1 0 0 474 290
p/17964-31232-30038.jpg 1 0 0 474 355
p/32745-27573-25500.jpg 1 0 0 474 266
p/26764-24077-727.jpg 1 0 0 474 355
p/31765-11270-18902.jpg 1 0 0 474 305
p/6272-20047-30072.jpg 1 0 0 474 266
p/10929-13972-21709.jpg 1 0 0 474 266
p/28712-25251-1715.jpg 1 0 0 474 355
p/14708-2306-10712.jpg 1 0 0 474 355
p/6209-15933-6148.jpg 1 0 0 474 266
p/31928-10841-19259.jpg 1 0 0 474 355
p/26489-27664-25991.jpg 1 0 0 474 266
p/11567-10662-2010.jpg 1 0 0 474 291
p/14294-26089-10473.jpg 1 0 0 474 296
p/19846-8429-28083.jpg 1 0 0 474 266
p/26558-5356-29029.jpg 1 0 0 474 316
p/16196-14028-29880.jpg 1 0 0 474 266
p/14063-15016-2299.jpg 1 0 0 474 266
p/10069-32657-13845.jpg 1 0 0 474 315
p/23689-12405-6749.jpg 1 0 0 474 296
p/6125-3503-15096.jpg 1 0 0 474 355
p/5350-22528-14148.jpg 1 0 0 474 296
p/25113-18585-15486.jpg 1 0 0 474 316
p/10519-24768-14106.jpg 1 0 0 474 316
p/26446-1466-1842.jpg 1 0 0 474 355
p/16514-1836-13087.jpg 1 0 0 474 266
p/2123-24082-4473.jpg 1 0 0 474 315
p/31675-15960-7701.jpg 1 0 0 474 266
p/31937-11230-6165.jpg 1 0 0 474 379
p/26341-15661-15747.jpg 1 0 0 474 266
p/19032-28037-14325.jpg 1 0 0 474 338
p/11724-3895-28658.jpg 1 0 0 474 355
p/12847-12974-22925.jpg 1 0 0 474 237
p/9713-20487-10682.jpg 1 0 0 474 266
p/21475-31677-13851.jpg 1 0 0 474 316
p/30203-25306-22454.jpg 1 0 0 474 315
p/16284-22355-26247.jpg 1 0 0 474 338
p/22226-7207-32669.jpg 1 0 0 474 290
p/12411-26525-14150.jpg 1 0 0 474 266
p/18700-1175-20279.jpg 1 0 0 474 266
p/463-27538-5593.jpg 1 0 0 474 266
p/14771-18894-6429.jpg 1 0 0 474 266
p/30964-2553-27959.jpg 1 0 0 474 290
p/3976-26174-26794.jpg 1 0 0 474 313
p/25379-25753-22211.jpg 1 0 0 474 355
p/302-31540-30486.jpg 1 0 0 474 266
p/32564-24729-4848.jpg 1 0 0 474 296
p/24908-15055-30799.jpg 1 0 0 474 296
p/8693-31720-17640.jpg 1 0 0 474 316
p/20891-17845-2467.jpg 1 0 0 474 266
p/15918-17172-19648.jpg 1 0 0 474 266
p/18883-22291-11678.jpg 1 0 0 474 529
p/1204-4413-485.jpg 1 0 0 474 311
p/13124-2059-17646.jpg 1 0 0 474 355
p/4612-2373-9973.jpg 1 0 0 474 296
p/24009-2540-24109.jpg 1 0 0 474 266
p/19609-32513-10340.jpg 1 0 0 474 266
p/30271-20526-6352.jpg 1 0 0 474 266
p/5893-17376-24089.jpg 1 0 0 474 355
p/1718-6426-14572.jpg 1 0 0 474 296
p/27840-15934-9393.jpg 1 0 0 474 296
p/836-28771-1901.jpg 1 0 0 474 266
p/15167-21988-14927.jpg 1 0 0 474 296
p/3436-15406-9280.jpg 1 0 0 474 296
p/4400-8300-32734.jpg 1 0 0 474 316
p/7597-31035-17470.jpg 1 0 0 474 266
p/32082-12064-21025.jpg 1 0 0 474 266
p/17147-30833-10944.jpg 1 0 0 474 296
p/8789-15377-3331.jpg 1 0 0 474 316
p/20898-13751-6673.jpg 1 0 0 474 266
p/30222-2150-7467.jpg 1 0 0 474 315
p/16883-26485-24958.jpg 1 0 0 474 316
p/5685-6817-695.jpg 1 0 0 474 292
p/327-17758-15122.jpg 1 0 0 474 355
p/18935-23237-5822.jpg 1 0 0 474 215
p/14191-427-7819.jpg 1 0 0 474 252
p/13506-10657-32464.jpg 1 0 0 474 148
p/24829-31928-1059.jpg 1 0 0 474 355
p/12701-24348-18696.jpg 1 0 0 474 296
p/21252-27213-26995.jpg 1 0 0 474 314
p/6914-19700-5866.jpg 1 0 0 474 355
p/27981-26826-14066.jpg 1 0 0 474 248
p/8275-15717-17596.jpg 1 0 0 474 279
p/27284-29018-16631.jpg 1 0 0 474 315
p/17195-25294-9961.jpg 1 0 0 474 267
p/4538-7695-9689.jpg 1 0 0 474 355
p/29651-732-17222.jpg 1 0 0 474 315
p/16921-25050-26347.jpg 1 0 0 474 266
p/2478-2522-22008.jpg 1 0 0 474 316
p/1236-30267-2205.jpg 1 0 0 474 271
p/4799-1085-24924.jpg 1 0 0 474 316
p/5194-21415-27988.jpg 1 0 0 474 317
p/6468-2420-10038.jpg 1 0 0 474 316
p/15710-3071-30433.jpg 1 0 0 474 358
p/32071-20248-27978.jpg 1 0 0 474 355
p/32674-11192-10400.jpg 1 0 0 474 289
p/18744-13388-27413.jpg 1 0 0 474 355
p/31212-17398-17627.jpg 1 0 0 474 355
p/10371-26496-13839.jpg 1 0 0 474 316
p/29989-5127-11921.jpg 1 0 0 474 315
p/18738-14994-24922.jpg 1 0 0 474 312
p/26533-27961-4694.jpg 1 0 0 474 355
p/8003-31172-19920.jpg 1 0 0 474 355
p/20505-18163-15218.jpg 1 0 0 474 316
p/12272-18440-11944.jpg 1 0 0 474 284
p/28100-9283-18533.jpg 1 0 0 474 355
p/26138-10761-24153.jpg 1 0 0 474 266
p/12584-17302-5081.jpg 1 0 0 474 322
p/23556-18304-13284.jpg 1 0 0 474 237
p/785-10758-27049.jpg 1 0 0 474 266
p/31901-10306-11833.jpg 1 0 0 474 336
p/11466-10839-27971.jpg 1 0 0 474 355
p/3431-19502-9167.jpg 1 0 0 474 284
p/17997-20220-10155.jpg 1 0 0 474 266
p/31570-9991-11466.jpg 1 0 0 474 355
p/26858-745-2524.jpg 1 0 0 474 355
p/10836-22724-6699.jpg 1 0 0 474 258
p/8337-24319-32048.jpg 1 0 0 474 304
p/1933-17001-8463.jpg 1 0 0 474 267
p/9580-7291-22285.jpg 1 0 0 474 237
p/16526-3517-12027.jpg 1 0 0 474 355
p/18706-32009-31250.jpg 1 0 0 474 315
p/17845-20784-17757.jpg 1 0 0 474 315
p/8227-27666-23154.jpg 1 0 0 474 266
p/17421-28801-722.jpg 1 0 0 474 315
p/18507-11110-13518.jpg 1 0 0 474 266
p/4281-3259-18744.jpg 1 0 0 474 281
p/31040-24654-10865.jpg 1 0 0 474 312
p/7478-8855-15684.jpg 1 0 0 474 316
p/19953-22926-24440.jpg 1 0 0 474 315
p/31021-17711-1339.jpg 1 0 0 474 355
p/30363-1535-12588.jpg 1 0 0 474 261
p/32332-17751-32250.jpg 1 0 0 474 266
p/6973-11412-2558.jpg 1 0 0 474 355
p/20184-19308-6357.jpg 1 0 0 474 300
p/13623-15771-13315.jpg 1 0 0 474 261
p/4847-18604-23657.jpg 1 0 0 474 247
p/32324-32684-22192.jpg 1 0 0 474 266
p/30147-6359-10016.jpg 1 0 0 474 299
p/31962-6840-21647.jpg 1 0 0 474 315
p/29221-21924-18975.jpg 1 0 0 474 248
p/727-6859-614.jpg 1 0 0 474 310
p/23426-24575-30160.jpg 1 0 0 474 316
p/12894-17764-8529.jpg 1 0 0 474 315
p/18428-14687-23131.jpg 1 0 0 474 355
p/1575-31922-22959.jpg 1 0 0 474 296
p/21031-26931-4887.jpg 1 0 0 474 316
p/20789-15841-8594.jpg 1 0 0 474 321
p/19559-9249-2133.jpg 1 0 0 474 266
p/10271-16290-6241.jpg 1 0 0 474 208
p/25426-12614-24254.jpg 1 0 0 474 264
p/17389-3682-31399.jpg 1 0 0 474 239
p/8103-30496-31228.jpg 1 0 0 474 300
p/29197-16338-8693.jpg 1 0 0 474 355
p/12856-30639-331.jpg 1 0 0 474 355
p/7862-12911-19115.jpg 1 0 0 474 355
p/27687-32159-8173.jpg 1 0 0 474 313
p/18494-21393-30232.jpg 1 0 0 474 301
p/9885-20519-5034.jpg 1 0 0 474 316
p/22568-24880-27452.jpg 1 0 0 474 266
p/31363-23884-18067.jpg 1 0 0 474 316
p/9773-15175-19748.jpg 1 0 0 474 316
p/6170-11712-25465.jpg 1 0 0 474 289
p/4640-18721-21646.jpg 1 0 0 474 335
p/233-13917-1683.jpg 1 0 0 474 256
p/13010-3468-7085.jpg 1 0 0 474 215
p/21628-50-29681.jpg 1 0 0 474 354
p/28353-3688-23665.jpg 1 0 0 474 296
p/28264-9448-15089.jpg 1 0 0 474 316
p/10425-13049-5022.jpg 1 0 0 474 315
p/9861-31053-10219.jpg 1 0 0 474 248
p/5155-3604-22691.jpg 1 0 0 474 355
p/15957-20594-19202.jpg 1 0 0 474 316
p/4279-24982-25999.jpg 1 0 0 474 266
p/22936-32135-12168.jpg 1 0 0 474 376
p/16028-22689-3429.jpg 1 0 0 474 259
p/7687-2305-23601.jpg 1 0 0 474 314
p/9359-5879-104.jpg 1 0 0 474 315
p/25353-5936-13109.jpg 1 0 0 474 266
p/24315-31481-30307.jpg 1 0 0 474 307
p/27222-30612-2295.jpg 1 0 0 474 317
p/13635-4456-20561.jpg 1 0 0 474 316
p/29544-19382-12475.jpg 1 0 0 474 315
p/5679-15955-32191.jpg 1 0 0 474 474
p/22879-21418-27977.jpg 1 0 0 474 320
p/9549-28171-9364.jpg 1 0 0 474 315
p/15944-25882-3670.jpg 1 0 0 474 355
p/11074-1011-2303.jpg 1 0 0 474 238
p/22109-17125-20353.jpg 1 0 0 474 325
p/19893-22979-30011.jpg 1 0 0 474 355
p/5230-11435-8282.jpg 1 0 0 474 410
p/14323-30046-16106.jpg 1 0 0 474 316
p/989-6396-26493.jpg 1 0 0 474 379
p/406-1013-5297.jpg 1 0 0 474 315
p/29892-17628-22414.jpg 1 0 0 474 315
p/1549-15715-2131.jpg 1 0 0 474 267
p/323-11867-4055.jpg 1 0 0 474 266
p/22112-14898-711.jpg 1 0 0 474 316
p/6835-24442-14711.jpg 1 0 0 474 316
p/18783-27205-27377.jpg 1 0 0 474 266
p/11401-19903-20413.jpg 1 0 0 474 250
p/11729-20901-722.jpg 1 0 0 474 405
p/9045-214-19209.jpg 1 0 0 474 316
p/16835-24510-15045.jpg 1 0 0 474 315
p/25934-21414-6741.jpg 1 0 0 474 306
p/25715-19438-29723.jpg 1 0 0 474 316
p/13583-27803-27915.jpg 1 0 0 474 355
p/28936-17628-21253.jpg 1 0 0 474 296
p/27522-27851-10032.jpg 1 0 0 474 316
p/15691-21894-28319.jpg 1 0 0 474 355
p/22527-21464-23141.jpg 1 0 0 474 237
p/6914-15674-24121.jpg 1 0 0 474 312
p/10819-31867-20941.jpg 1 0 0 474 313
p/19562-4258-16910.jpg 1 0 0 474 329
p/10520-14629-4198.jpg 1 0 0 474 355
p/9245-6427-31595.jpg 1 0 0 474 316
p/7439-22168-22656.jpg 1 0 0 474 316
p/27422-242-6593.jpg 1 0 0 474 284
p/32133-9952-10344.jpg 1 0 0 474 333
p/13605-26807-31620.jpg 1 0 0 474 316
p/16327-21974-28884.jpg 1 0 0 474 263
p/1830-28273-9051.jpg 1 0 0 474 316
p/31908-6689-18512.jpg 1 0 0 474 315
p/2860-6969-17112.jpg 1 0 0 474 312
p/13666-27930-2153.jpg 1 0 0 474 314
p/604-31499-10652.jpg 1 0 0 474 379
p/18770-6664-4867.jpg 1 0 0 474 355
p/25154-30489-12433.jpg 1 0 0 474 355
p/29492-30297-5132.jpg 1 0 0 474 316
p/22279-10860-5693.jpg 1 0 0 474 230
p/25234-19412-8219.jpg 1 0 0 474 316
p/28142-13698-18379.jpg 1 0 0 474 237
p/27133-32677-30919.jpg 1 0 0 474 316
p/23057-16882-67.jpg 1 0 0 474 282
p/10716-13933-19072.jpg 1 0 0 474 296
p/30602-16963-21225.jpg 1 0 0 474 285
p/27047-10085-8703.jpg 1 0 0 474 316
p/8843-19102-32303.jpg 1 0 0 474 316
p/20199-23754-13223.jpg 1 0 0 474 266
p/6926-29231-45.jpg 1 0 0 474 316
p/23836-25635-21861.jpg 1 0 0 474 321
p/22586-29330-17781.jpg 1 0 0 474 316
p/27595-2889-8526.jpg 1 0 0 474 299
p/20798-24366-13026.jpg 1 0 0 474 315
p/17831-15754-24332.jpg 1 0 0 474 278
p/16839-20393-4065.jpg 1 0 0 474 266
p/172-26091-20613.jpg 1 0 0 474 249
p/6034-19889-20940.jpg 1 0 0 474 308
p/12369-30829-7780.jpg 1 0 0 474 266
p/31036-3283-16613.jpg 1 0 0 474 284
p/16063-23084-28554.jpg 1 0 0 474 248
p/535-8896-17319.jpg 1 0 0 474 316
p/508-4887-32367.jpg 1 0 0 474 335
p/17649-3308-20392.jpg 1 0 0 474 315
p/21109-1790-25734.jpg 1 0 0 474 266
p/26695-32701-21818.jpg 1 0 0 474 310
p/2202-28621-19500.jpg 1 0 0 474 315
p/3082-29997-291.jpg 1 0 0 474 266
p/590-26884-6018.jpg 1 0 0 474 316
p/8377-24543-18809.jpg 1 0 0 474 315
p/6774-3506-15217.jpg 1 0 0 474 316
p/24929-15927-6118.jpg 1 0 0 474 314
p/12677-27630-6774.jpg 1 0 0 474 316
p/2101-542-25064.jpg 1 0 0 474 266
p/25148-21746-2239.jpg 1 0 0 474 236
p/15185-5633-16372.jpg 1 0 0 474 316
p/2671-21653-27796.jpg 1 0 0 474 307
p/29630-4197-4217.jpg 1 0 0 474 307
p/28324-4168-2543.jpg 1 0 0 474 355
p/23182-3357-7930.jpg 1 0 0 474 355
p/18319-14557-7309.jpg 1 0 0 474 299
p/13918-12058-17280.jpg 1 0 0 474 291
p/30387-28935-19491.jpg 1 0 0 474 266
p/11232-7084-18989.jpg 1 0 0 474 322
p/23545-15976-22149.jpg 1 0 0 474 355
p/29291-29533-1671.jpg 1 0 0 474 237
p/32142-21725-14348.jpg 1 0 0 474 266
p/23008-31537-5135.jpg 1 0 0 474 359
p/25588-1557-8660.jpg 1 0 0 474 316
p/21823-10373-11366.jpg 1 0 0 474 315
p/5380-1812-24110.jpg 1 0 0 474 355
p/28333-31531-4751.jpg 1 0 0 474 355
p/15399-17970-12350.jpg 1 0 0 474 355
p/28266-11370-29136.jpg 1 0 0 474 315
p/554-32689-31051.jpg 1 0 0 474 355
p/14430-31036-8529.jpg 1 0 0 474 299
p/9085-1910-3838.jpg 1 0 0 474 355
p/32286-6161-26262.jpg 1 0 0 474 355
p/8578-22125-8291.jpg 1 0 0 474 355
p/3356-12029-30206.jpg 1 0 0 474 355
p/21649-18197-11589.jpg 1 0 0 474 333
p/25090-11966-24626.jpg 1 0 0 474 355
p/18739-10856-29547.jpg 1 0 0 474 313
p/18855-12541-32094.jpg 1 0 0 474 330
p/21919-9137-18174.jpg 1 0 0 474 355
p/29909-16334-3410.jpg 1 0 0 474 316
p/327-1437-9384.jpg 1 0 0 474 260
p/12948-10807-6760.jpg 1 0 0 474 355
p/23420-1632-15039.jpg 1 0 0 474 266
p/9776-3089-17686.jpg 1 0 0 474 315
p/29726-13745-29220.jpg 1 0 0 474 313
p/1364-4623-31594.jpg 1 0 0 474 390
p/25397-3891-26499.jpg 1 0 0 474 355
p/21508-10064-20629.jpg 1 0 0 474 355
p/6592-22811-14812.jpg 1 0 0 474 315
p/17938-11953-10250.jpg 1 0 0 474 355
p/26652-2399-10085.jpg 1 0 0 474 355
p/3799-27709-21434.jpg 1 0 0 474 355
p/24944-5637-24811.jpg 1 0 0 474 307
p/12601-7044-30393.jpg 1 0 0 474 355
p/9101-3361-8951.jpg 1 0 0 474 298
p/24662-21042-27860.jpg 1 0 0 474 355
p/27991-13964-6193.jpg 1 0 0 474 266
p/1979-14722-21816.jpg 1 0 0 474 355
p/26822-12306-4325.jpg 1 0 0 474 315
p/23732-14414-20945.jpg 1 0 0 474 355
p/2535-2960-3469.jpg 1 0 0 474 315
p/19419-18896-28689.jpg 1 0 0 474 355
p/7784-18433-5594.jpg 1 0 0 474 259
p/1226-25577-24054.jpg 1 0 0 474 247
p/10297-4622-31048.jpg 1 0 0 474 185
p/11891-27985-20021.jpg 1 0 0 474 316
p/16421-28746-13130.jpg 1 0 0 474 355
p/10462-4225-5254.jpg 1 0 0 474 315
p/12487-8132-25086.jpg 1 0 0 474 315
p/20700-27029-30032.jpg 1 0 0 474 355
p/31316-5824-18685.jpg 1 0 0 474 355
p/7878-9580-27223.jpg 1 0 0 474 355
p/4132-10519-31992.jpg 1 0 0 474 270
p/29862-26697-32217.jpg 1 0 0 474 355
p/10599-21664-4263.jpg 1 0 0 474 359
p/19298-15818-29803.jpg 1 0 0 474 353
p/2257-22439-23314.jpg 1 0 0 474 266
p/11936-9750-21603.jpg 1 0 0 474 355
p/18485-17264-30469.jpg 1 0 0 474 355
p/32368-893-29110.jpg 1 0 0 474 632
p/29830-26831-31814.jpg 1 0 0 474 355
p/17332-15596-17257.jpg 1 0 0 474 307
p/13177-13051-9000.jpg 1 0 0 474 355
p/1206-31330-27109.jpg 1 0 0 474 259
p/16893-20212-252.jpg 1 0 0 474 314
p/4169-28763-4851.jpg 1 0 0 474 274
p/14321-17735-6470.jpg 1 0 0 474 316
p/19958-28625-5290.jpg 1 0 0 474 355
p/485-25762-25148.jpg 1 0 0 474 355
p/6516-9685-7839.jpg 1 0 0 474 355
p/9076-27528-25247.jpg 1 0 0 474 278
p/22437-12499-15849.jpg 1 0 0 474 355
p/29309-8038-20111.jpg 1 0 0 474 355
p/13868-24329-26216.jpg 1 0 0 474 266
p/16520-26941-14929.jpg 1 0 0 474 355
p/23252-5276-4129.jpg 1 0 0 474 353
p/17261-10548-25821.jpg 1 0 0 474 307
p/26901-607-18204.jpg 1 0 0 474 355
p/11348-2757-8915.jpg 1 0 0 474 355
p/4977-2776-18177.jpg 1 0 0 474 355
p/14247-11865-18719.jpg 1 0 0 474 316
p/3242-3327-18189.jpg 1 0 0 474 290
p/27540-25992-7376.jpg 1 0 0 474 269
p/22590-26569-17011.jpg 1 0 0 474 355
p/16611-3969-19989.jpg 1 0 0 474 304
p/23465-28045-27100.jpg 1 0 0 474 353
p/24205-3737-16347.jpg 1 0 0 474 353
p/27948-19936-21980.jpg 1 0 0 474 319
p/27369-28327-30970.jpg 1 0 0 474 316
p/2162-9938-23870.jpg 1 0 0 474 355
p/28190-25001-12103.jpg 1 0 0 474 264
p/11442-29342-20145.jpg 1 0 0 474 266
p/28417-19273-2491.jpg 1 0 0 474 355
p/9667-30097-1622.jpg 1 0 0 474 355
p/7871-2455-4938.jpg 1 0 0 474 296
p/15281-21979-16266.jpg 1 0 0 474 266
p/6523-30874-26278.jpg 1 0 0 474 355
p/22585-85-7394.jpg 1 0 0 474 316
p/12818-29324-8842.jpg 1 0 0 474 355
p/727-3177-23318.jpg 1 0 0 474 355
p/21295-9072-17140.jpg 1 0 0 474 316
p/16520-10723-27437.jpg 1 0 0 474 355
p/28159-669-17776.jpg 1 0 0 474 284
p/6408-30379-26738.jpg 1 0 0 474 632
p/18142-19948-16577.jpg 1 0 0 474 304
p/23513-30967-16369.jpg 1 0 0 474 355
p/26686-31773-28920.jpg 1 0 0 474 359
p/11774-9031-12197.jpg 1 0 0 474 355
p/5697-11727-22999.jpg 1 0 0 474 315
p/16518-10242-101.jpg 1 0 0 474 355
p/24163-25818-18722.jpg 1 0 0 474 353
p/16801-8265-6558.jpg 1 0 0 474 315
p/15462-10256-3138.jpg 1 0 0 474 266
p/10584-23262-10567.jpg 1 0 0 474 315
p/680-19318-17825.jpg 1 0 0 474 314
p/30606-29377-21822.jpg 1 0 0 474 297
p/31798-18992-11318.jpg 1 0 0 474 301
p/31715-32132-5365.jpg 1 0 0 474 317
p/437-1191-9601.jpg 1 0 0 474 359
p/3496-30523-257.jpg 1 0 0 474 355
p/6068-26914-3004.jpg 1 0 0 474 314
p/13722-26887-23716.jpg 1 0 0 474 259
p/13672-23458-19429.jpg 1 0 0 474 303
p/19182-22867-20937.jpg 1 0 0 474 316
p/30292-23352-15505.jpg 1 0 0 474 260
p/10739-26862-15643.jpg 1 0 0 474 355
p/12656-19885-14004.jpg 1 0 0 474 324
p/8149-28811-18620.jpg 1 0 0 474 355
p/23589-16246-15145.jpg 1 0 0 474 355
p/30500-15755-22454.jpg 1 0 0 474 632
p/29088-2340-12959.jpg 1 0 0 474 271
p/18570-10962-29407.jpg 1 0 0 474 266
p/669-30711-22488.jpg 1 0 0 474 316
p/14991-11120-5439.jpg 1 0 0 474 311
p/14514-19430-11329.jpg 1 0 0 474 282
p/19760-23974-4274.jpg 1 0 0 474 316
p/13285-16768-3980.jpg 1 0 0 474 316
p/12452-23646-29632.jpg 1 0 0 474 355
p/9173-23547-1869.jpg 1 0 0 474 316
p/10865-20246-9465.jpg 1 0 0 474 355
p/17095-8367-29218.jpg 1 0 0 474 266
p/19363-23318-25351.jpg 1 0 0 474 355
p/20811-3278-9814.jpg 1 0 0 474 355
p/13966-10001-30020.jpg 1 0 0 474 355
p/29942-18751-32457.jpg 1 0 0 474 316
p/25066-31646-7604.jpg 1 0 0 474 355
p/1693-21111-634.jpg 1 0 0 474 474
p/13490-8826-11019.jpg 1 0 0 474 295
p/25736-13336-12861.jpg 1 0 0 474 394
p/2841-21851-17800.jpg 1 0 0 474 249
p/24512-16039-6112.jpg 1 0 0 474 355
p/31305-5002-1829.jpg 1 0 0 474 356
p/18739-16633-29993.jpg 1 0 0 474 355
p/29272-10671-14550.jpg 1 0 0 474 355
p/32001-20688-16090.jpg 1 0 0 474 355
p/13742-21433-13750.jpg 1 0 0 474 355
p/789-31088-31223.jpg 1 0 0 474 355
p/19183-3735-5491.jpg 1 0 0 474 291
p/31655-28646-21119.jpg 1 0 0 474 316
p/8845-10802-1059.jpg 1 0 0 474 266
p/16836-29790-3456.jpg 1 0 0 474 305
p/17317-30608-681.jpg 1 0 0 474 329
p/1449-12602-9256.jpg 1 0 0 474 355
p/26707-17006-8648.jpg 1 0 0 474 337
p/22926-11672-31772.jpg 1 0 0 474 296
p/18081-555-3246.jpg 1 0 0 474 296
p/23089-6011-8336.jpg 1 0 0 474 355
p/15-7731-16132.jpg 1 0 0 474 355
p/18069-18321-29862.jpg 1 0 0 474 486
p/12527-30770-22071.jpg 1 0 0 474 305
p/32169-3772-2474.jpg 1 0 0 474 296
p/23613-9791-14541.jpg 1 0 0 474 355
p/18917-12032-8445.jpg 1 0 0 474 305
p/32147-23827-472.jpg 1 0 0 474 316
p/14542-15815-27855.jpg 1 0 0 474 295
p/13336-1133-31951.jpg 1 0 0 474 305
p/10843-5320-25331.jpg 1 0 0 474 314
p/24999-7820-10130.jpg 1 0 0 474 355
p/4872-17464-14714.jpg 1 0 0 474 296
p/22612-18527-5355.jpg 1 0 0 474 355
p/10011-2876-23133.jpg 1 0 0 474 355
p/17254-23917-32035.jpg 1 0 0 474 237
p/31524-7038-25156.jpg 1 0 0 474 343
p/26994-12539-13671.jpg 1 0 0 474 316
p/28333-9777-11648.jpg 1 0 0 474 284
p/15714-6503-24969.jpg 1 0 0 474 299
p/26103-7193-19270.jpg 1 0 0 474 279
p/18639-30806-395.jpg 1 0 0 474 377
p/895-3642-20562.jpg 1 0 0 474 355
p/19467-32599-681.jpg 1 0 0 474 314
p/5443-5733-30401.jpg 1 0 0 474 355
p/17603-30411-3055.jpg 1 0 0 474 711
p/2306-32653-2876.jpg 1 0 0 474 314
p/25728-23785-31654.jpg 1 0 0 474 355
p/5422-32391-25885.jpg 1 0 0 474 317
p/11801-31298-25768.jpg 1 0 0 474 355
p/1464-8024-18080.jpg 1 0 0 474 266
p/15524-17528-3110.jpg 1 0 0 400 247
p/30744-4416-13803.jpg 1 0 0 474 355
p/9095-30523-1962.jpg 1 0 0 474 355
p/26006-6207-12786.jpg 1 0 0 474 355
p/12473-17519-7019.jpg 1 0 0 474 316
p/6638-12659-15178.jpg 1 0 0 474 237
p/15993-4790-22435.jpg 1 0 0 474 315
p/29406-9363-30317.jpg 1 0 0 474 315
p/9886-21427-25318.jpg 1 0 0 474 316
p/18752-2068-22380.jpg 1 0 0 474 317
p/19128-6548-9628.jpg 1 0 0 474 223
p/23237-12972-11694.jpg 1 0 0 474 316
p/9328-22762-26616.jpg 1 0 0 474 316
p/4133-10609-6657.jpg 1 0 0 474 355
p/11623-18085-28666.jpg 1 0 0 474 289
p/4633-30497-25518.jpg 1 0 0 474 266
p/1581-11253-16952.jpg 1 0 0 474 355
p/2301-1107-20187.jpg 1 0 0 474 314
p/17322-9661-25263.jpg 1 0 0 474 316
p/211-24096-4332.jpg 1 0 0 474 355
p/6706-16344-20259.jpg 1 0 0 474 353
p/9278-30469-31725.jpg 1 0 0 474 315
p/31848-4475-19115.jpg 1 0 0 474 355
p/10850-18354-9224.jpg 1 0 0 474 355
p/30080-22230-22178.jpg 1 0 0 474 237
p/20859-19760-9174.jpg 1 0 0 474 296
p/15598-326-17638.jpg 1 0 0 474 350
p/20657-2887-2449.jpg 1 0 0 474 246
p/5068-24096-31765.jpg 1 0 0 474 355
p/9730-26273-28943.jpg 1 0 0 474 263
p/25711-7808-26141.jpg 1 0 0 474 289
p/10663-13430-6082.jpg 1 0 0 474 274
p/11480-3644-14514.jpg 1 0 0 474 266
p/5685-1226-23084.jpg 1 0 0 474 355
p/1790-11560-27416.jpg 1 0 0 474 266
p/19350-30732-19401.jpg 1 0 0 474 289
p/19939-30823-30322.jpg 1 0 0 474 379
p/19792-14403-30569.jpg 1 0 0 474 190
p/5150-19691-5286.jpg 1 0 0 474 360
p/20262-5932-31958.jpg 1 0 0 474 296
p/7428-13462-29470.jpg 1 0 0 474 355
p/3432-30333-3392.jpg 1 0 0 474 355
p/4781-16734-28351.jpg 1 0 0 474 316
p/27660-12836-357.jpg 1 0 0 474 221
p/9777-4157-15631.jpg 1 0 0 474 284
p/26430-12926-11923.jpg 1 0 0 474 296
p/15275-24405-32694.jpg 1 0 0 474 316
p/79-20544-9857.jpg 1 0 0 474 314
p/27884-668-322.jpg 1 0 0 474 378
p/29516-27384-11162.jpg 1 0 0 474 355
p/20805-21403-6698.jpg 1 0 0 474 223
p/19883-732-31756.jpg 1 0 0 474 266
p/27068-32622-14597.jpg 1 0 0 474 355
p/8416-31069-26504.jpg 1 0 0 474 266
p/27554-5830-656.jpg 1 0 0 474 355
p/29657-30891-4798.jpg 1 0 0 474 212
p/18949-15850-3548.jpg 1 0 0 474 355
p/17169-10370-20930.jpg 1 0 0 474 312
p/7699-8909-22976.jpg 1 0 0 474 229
p/9061-24023-23709.jpg 1 0 0 474 474
p/4733-3850-11718.jpg 1 0 0 474 632
p/28836-31648-10768.jpg 1 0 0 474 266
p/27837-20397-20870.jpg 1 0 0 474 266
p/13544-20999-1364.jpg 1 0 0 474 356
p/17935-4469-2910.jpg 1 0 0 474 272
p/23659-15018-616.jpg 1 0 0 474 315
p/27324-32523-26845.jpg 1 0 0 474 273
p/28054-20401-21199.jpg 1 0 0 474 266
p/6435-25509-13852.jpg 1 0 0 474 355
p/2942-25520-15035.jpg 1 0 0 474 316
p/30400-20577-7388.jpg 1 0 0 474 295
p/31208-23036-25837.jpg 1 0 0 474 266
p/11831-14888-26311.jpg 1 0 0 474 355
p/1817-17936-6178.jpg 1 0 0 474 306
p/13680-10707-10484.jpg 1 0 0 474 316
p/28695-13044-3537.jpg 1 0 0 474 266
p/25423-3978-13793.jpg 1 0 0 474 632
p/20452-28112-13474.jpg 1 0 0 474 188
p/6193-27354-10274.jpg 1 0 0 474 355
p/20254-1235-31725.jpg 1 0 0 474 316
p/8758-9883-23456.jpg 1 0 0 474 355
p/28713-10824-10202.jpg 1 0 0 474 224
p/21611-23010-3702.jpg 1 0 0 474 315
p/12470-22518-11763.jpg 1 0 0 474 316
p/31983-11003-25965.jpg 1 0 0 474 296
p/6903-3856-1297.jpg 1 0 0 474 355
p/7309-7521-28832.jpg 1 0 0 474 354
p/25710-4121-1235.jpg 1 0 0 474 316
p/21922-25589-6648.jpg 1 0 0 474 355
p/7012-9020-14506.jpg 1 0 0 474 316
p/831-21934-20110.jpg 1 0 0 474 330
p/26408-2290-22117.jpg 1 0 0 474 315
p/28695-29675-24587.jpg 1 0 0 474 355
p/26114-27798-5212.jpg 1 0 0 474 266
p/16642-31415-21934.jpg 1 0 0 474 294
p/20351-15560-11606.jpg 1 0 0 474 266
p/31988-6809-6583.jpg 1 0 0 474 296
p/6788-16271-20903.jpg 1 0 0 474 355
p/21897-6008-7160.jpg 1 0 0 474 295
p/12281-27006-12308.jpg 1 0 0 474 202
p/6153-6653-30102.jpg 1 0 0 474 255
p/9654-5857-21655.jpg 1 0 0 474 224
p/29997-18981-28848.jpg 1 0 0 474 237
p/26095-6316-19805.jpg 1 0 0 474 296
p/19410-5949-11861.jpg 1 0 0 474 355
p/27969-30801-19141.jpg 1 0 0 474 296
p/595-32522-10048.jpg 1 0 0 474 296
p/24856-29713-27017.jpg 1 0 0 474 474
p/18831-8877-30376.jpg 1 0 0 474 274
p/12868-4186-22185.jpg 1 0 0 474 221
p/5680-26422-31057.jpg 1 0 0 474 266
p/32693-21056-11886.jpg 1 0 0 474 266
p/9773-10611-15921.jpg 1 0 0 474 266
p/12087-4647-1810.jpg 1 0 0 474 355
p/27593-16096-17254.jpg 1 0 0 474 381
p/10214-16013-19119.jpg 1 0 0 474 266
p/7307-19115-9565.jpg 1 0 0 474 175
p/6172-28264-15367.jpg 1 0 0 474 355
p/22865-9175-21424.jpg 1 0 0 474 316
p/3126-23273-26876.jpg 1 0 0 474 229
p/31577-14070-24450.jpg 1 0 0 474 267
p/4173-32058-31428.jpg 1 0 0 474 284
p/22201-31627-4581.jpg 1 0 0 474 355
p/24132-5350-17730.jpg 1 0 0 474 266
p/2715-9423-28549.jpg 1 0 0 474 266
p/24601-23385-15333.jpg 1 0 0 474 355
p/19173-7780-19045.jpg 1 0 0 474 355
p/14945-13317-26333.jpg 1 0 0 474 315
p/31860-32451-7845.jpg 1 0 0 474 316
p/22566-27482-21300.jpg 1 0 0 474 316
p/10763-15072-21860.jpg 1 0 0 474 266
p/21128-13977-30440.jpg 1 0 0 474 355
p/51-6059-25975.jpg 1 0 0 474 355
p/30420-1878-8048.jpg 1 0 0 474 291
p/12572-10815-26132.jpg 1 0 0 474 355
p/13661-4845-9716.jpg 1 0 0 474 355
p/19736-2443-26606.jpg 1 0 0 474 355
p/27095-21594-30286.jpg 1 0 0 474 266
p/11956-3055-15197.jpg 1 0 0 474 355
p/274-20090-19567.jpg 1 0 0 474 266
p/29750-3721-11551.jpg 1 0 0 474 226
p/27522-4141-9208.jpg 1 0 0 474 266
p/170-8226-29159.jpg 1 0 0 474 318
p/16455-20877-23433.jpg 1 0 0 474 632
p/29775-25762-16962.jpg 1 0 0 474 355
p/29764-1552-16774.jpg 1 0 0 474 355
p/534-3334-15980.jpg 1 0 0 474 355
p/9535-23565-12254.jpg 1 0 0 474 266
p/8393-16356-28752.jpg 1 0 0 474 237
p/9180-25244-28884.jpg 1 0 0 474 313
p/11184-22398-9800.jpg 1 0 0 474 276
p/492-18019-1771.jpg 1 0 0 474 315
p/20844-29572-12145.jpg 1 0 0 474 355
p/21608-3775-1834.jpg 1 0 0 474 189
p/7275-16616-6720.jpg 1 0 0 474 261
p/30081-25260-10505.jpg 1 0 0 474 266
p/20445-20297-25081.jpg 1 0 0 474 266
p/15567-24023-17270.jpg 1 0 0 474 355
p/1180-3542-3593.jpg 1 0 0 474 355
p/16565-16805-32176.jpg 1 0 0 474 247
p/14529-24679-18116.jpg 1 0 0 474 631
p/22233-28253-210.jpg 1 0 0 474 355
p/3112-16084-24709.jpg 1 0 0 474 263
p/12006-20411-27052.jpg 1 0 0 474 314
p/18613-15485-6825.jpg 1 0 0 474 355
p/27169-8816-4399.jpg 1 0 0 474 355
p/31722-26674-26723.jpg 1 0 0 474 266
p/19148-24453-32031.jpg 1 0 0 474 284
p/21983-6683-31187.jpg 1 0 0 474 315
p/1134-19844-12623.jpg 1 0 0 474 266
p/14214-3522-27720.jpg 1 0 0 474 355
p/12681-26508-21683.jpg 1 0 0 474 355
p/2906-24263-3733.jpg 1 0 0 474 316
p/12014-10019-19096.jpg 1 0 0 474 247
p/1527-4183-32473.jpg 1 0 0 474 237
p/30667-23382-22717.jpg 1 0 0 474 234
p/22555-30318-8757.jpg 1 0 0 474 266
p/30552-25241-14807.jpg 1 0 0 474 354
p/25281-8370-29459.jpg 1 0 0 474 355
p/30905-28458-23512.jpg 1 0 0 474 314
p/15451-14169-6671.jpg 1 0 0 474 299
p/7465-6335-23592.jpg 1 0 0 474 315
p/24627-6902-31978.jpg 1 0 0 474 315
p/29451-22030-32198.jpg 1 0 0 474 296
p/26731-16850-17643.jpg 1 0 0 474 296
p/24516-19823-8526.jpg 1 0 0 474 355
p/31153-8994-25041.jpg 1 0 0 474 267
p/1767-12972-21134.jpg 1 0 0 474 266
p/21213-29494-8072.jpg 1 0 0 474 248
p/21114-30716-14230.jpg 1 0 0 474 252
p/15453-5542-31376.jpg 1 0 0 474 247
p/29720-29171-32000.jpg 1 0 0 474 267
p/10020-24476-25099.jpg 1 0 0 474 355
p/23549-27133-15353.jpg 1 0 0 474 316
p/4706-23314-27413.jpg 1 0 0 474 326
p/18981-9241-11807.jpg 1 0 0 474 331
p/5303-24602-3728.jpg 1 0 0 474 355
p/22452-7825-9858.jpg 1 0 0 474 355
p/29670-2600-4612.jpg 1 0 0 474 271
p/5148-15056-4978.jpg 1 0 0 474 355
p/9881-7931-24596.jpg 1 0 0 474 284
p/26796-18947-30327.jpg 1 0 0 474 632
p/6735-21860-22421.jpg 1 0 0 474 317
p/5213-2341-21674.jpg 1 0 0 474 274
p/4352-26646-22620.jpg 1 0 0 474 354
p/19068-1434-1135.jpg 1 0 0 474 315
p/29562-12710-26380.jpg 1 0 0 474 296
p/25179-18506-31222.jpg 1 0 0 474 158
p/2889-11229-7929.jpg 1 0 0 474 317
p/31728-6280-4102.jpg 1 0 0 474 355
p/5979-28309-15030.jpg 1 0 0 474 174
p/3248-11711-25707.jpg 1 0 0 474 311
p/5869-5793-8045.jpg 1 0 0 474 230
p/5637-9940-22620.jpg 1 0 0 474 265
p/7146-30168-7755.jpg 1 0 0 474 355
p/28865-16051-27386.jpg 1 0 0 474 355
p/30749-11115-29611.jpg 1 0 0 474 316
p/27904-12923-9414.jpg 1 0 0 474 355
p/22753-30087-28018.jpg 1 0 0 474 317
p/24939-18588-20878.jpg 1 0 0 474 355
p/5281-12945-20823.jpg 1 0 0 474 311
p/30520-745-3254.jpg 1 0 0 474 355
p/18521-17739-32759.jpg 1 0 0 474 355
p/14582-19469-26275.jpg 1 0 0 474 316
p/26817-5183-248.jpg 1 0 0 474 355
p/28411-6370-28619.jpg 1 0 0 474 355
p/25703-105-10563.jpg 1 0 0 474 309
p/16540-19973-21185.jpg 1 0 0 474 303
p/24673-17025-6082.jpg 1 0 0 474 266
p/2907-1811-16370.jpg 1 0 0 474 315
p/20456-4352-10139.jpg 1 0 0 474 295
p/22607-24155-6042.jpg 1 0 0 474 248
p/20743-19725-25877.jpg 1 0 0 474 297
p/30867-2796-18297.jpg 1 0 0 474 349
p/2410-21518-9084.jpg 1 0 0 474 267
p/21177-26447-31582.jpg 1 0 0 474 355
p/28880-12534-23267.jpg 1 0 0 474 317
p/4710-27743-7322.jpg 1 0 0 474 355
p/23162-5574-25847.jpg 1 0 0 474 355
p/22516-29773-16642.jpg 1 0 0 474 343
p/18488-27217-29095.jpg 1 0 0 474 355
p/17995-31269-8165.jpg 1 0 0 474 314
p/11504-25417-25855.jpg 1 0 0 474 315
p/16015-20156-1111.jpg 1 0 0 474 355
p/31623-10129-23029.jpg 1 0 0 474 355
p/2767-9706-30154.jpg 1 0 0 474 355
p/24774-962-19620.jpg 1 0 0 474 355
p/9064-25553-1177.jpg 1 0 0 474 355
p/17443-22502-12383.jpg 1 0 0 474 355
p/20705-14463-24325.jpg 1 0 0 474 355
p/15941-24850-1517.jpg 1 0 0 474 355
p/11742-32003-9701.jpg 1 0 0 474 355
p/8305-15300-25700.jpg 1 0 0 474 317
p/4896-15293-3033.jpg 1 0 0 474 351
p/20402-29759-31322.jpg 1 0 0 474 355
p/747-1946-7387.jpg 1 0 0 474 355
p/29554-15840-17751.jpg 1 0 0 474 324
p/21437-6825-26103.jpg 1 0 0 474 266
p/9344-24094-17233.jpg 1 0 0 474 355
p/17001-7197-1429.jpg 1 0 0 474 296
p/12736-17513-19740.jpg 1 0 0 474 355
p/6245-23484-8255.jpg 1 0 0 474 296
p/4829-1472-22928.jpg 1 0 0 474 237
p/16842-11559-8370.jpg 1 0 0 474 355
p/247-326-16623.jpg 1 0 0 474 355
p/25680-23659-469.jpg 1 0 0 474 355
p/31721-3087-18376.jpg 1 0 0 474 355
p/7149-18692-120.jpg 1 0 0 474 842
p/21227-3537-8607.jpg 1 0 0 474 367
p/22071-15267-8033.jpg 1 0 0 474 286
p/14653-281-23097.jpg 1 0 0 474 251
p/11873-11300-27285.jpg 1 0 0 474 316
p/3280-17329-4127.jpg 1 0 0 474 266
p/11192-24609-32518.jpg 1 0 0 474 266
p/17915-5873-23405.jpg 1 0 0 474 355
p/22334-16750-25480.jpg 1 0 0 474 316
p/5864-19591-17370.jpg 1 0 0 474 337
p/402-23061-12564.jpg 1 0 0 474 355
p/26738-27002-11437.jpg 1 0 0 474 266
p/4468-1836-30992.jpg 1 0 0 474 334
p/6388-19773-6103.jpg 1 0 0 474 271
p/25498-27940-30419.jpg 1 0 0 474 406
p/9401-4219-31139.jpg 1 0 0 474 316
p/12004-14653-22054.jpg 1 0 0 474 355
p/2644-27857-31167.jpg 1 0 0 474 316
p/25200-24996-2626.jpg 1 0 0 474 266
p/6162-25296-32763.jpg 1 0 0 474 266
p/2250-28454-23579.jpg 1 0 0 474 316
p/782-3973-26108.jpg 1 0 0 474 355
p/17639-808-22716.jpg 1 0 0 474 285
p/20088-2626-30166.jpg 1 0 0 474 355
p/7083-3488-13490.jpg 1 0 0 474 347
p/14821-16769-2199.jpg 1 0 0 474 296
p/6508-32680-1561.jpg 1 0 0 474 315
p/12027-18671-13583.jpg 1 0 0 474 296
p/22431-26955-4848.jpg 1 0 0 474 316
p/22649-19013-19260.jpg 1 0 0 474 266
p/14889-24820-17471.jpg 1 0 0 474 298
p/9234-23395-25663.jpg 1 0 0 474 315
p/14529-23367-20656.jpg 1 0 0 474 315
p/11871-27619-14815.jpg 1 0 0 474 355
p/24277-11728-815.jpg 1 0 0 474 266
p/29251-30658-22276.jpg 1 0 0 474 295
p/28832-28198-23347.jpg 1 0 0 474 229
p/9036-18699-29963.jpg 1 0 0 474 300
p/20883-23751-12435.jpg 1 0 0 474 315
p/8824-2436-32452.jpg 1 0 0 474 316
p/7426-11892-29371.jpg 1 0 0 474 311
p/6184-28823-17664.jpg 1 0 0 474 330
p/19049-27832-852.jpg 1 0 0 474 312
p/26441-20685-1031.jpg 1 0 0 474 270
p/15421-28102-11999.jpg 1 0 0 474 312
p/23073-5023-30214.jpg 1 0 0 474 355
p/21000-19004-20888.jpg 1 0 0 474 256
p/7104-24622-32558.jpg 1 0 0 474 259
p/15006-9305-22634.jpg 1 0 0 474 355
p/9270-1382-6546.jpg 1 0 0 474 304
p/9670-6892-1116.jpg 1 0 0 474 315
p/32553-5466-10845.jpg 1 0 0 474 316
p/32613-25220-16831.jpg 1 0 0 474 314
p/17455-15983-22907.jpg 1 0 0 474 315
p/10763-21172-13099.jpg 1 0 0 474 296
p/28028-8871-13876.jpg 1 0 0 474 355
p/20817-21197-10934.jpg 1 0 0 474 355
p/18099-20876-21384.jpg 1 0 0 474 316
p/27432-24747-22476.jpg 1 0 0 474 355
p/22337-28368-16860.jpg 1 0 0 474 315
p/26152-17038-27469.jpg 1 0 0 474 316
p/28372-19139-6127.jpg 1 0 0 474 355
p/24035-26210-19023.jpg 1 0 0 474 355
p/30805-26545-25074.jpg 1 0 0 474 316
p/12738-22951-5855.jpg 1 0 0 474 315
p/8377-6921-29790.jpg 1 0 0 474 290
p/32669-28018-28096.jpg 1 0 0 474 316
p/13054-4558-8979.jpg 1 0 0 474 355
p/803-3087-18719.jpg 1 0 0 474 355
p/28699-13346-16951.jpg 1 0 0 474 291
p/993-646-23307.jpg 1 0 0 474 355
p/17439-18072-9727.jpg 1 0 0 474 255
p/20442-32143-16803.jpg 1 0 0 474 276
p/5944-11053-21552.jpg 1 0 0 474 229
p/7327-8865-19066.jpg 1 0 0 474 266
p/2019-16709-12780.jpg 1 0 0 474 316
p/20207-3211-32602.jpg 1 0 0 474 284
p/26908-28487-7265.jpg 1 0 0 474 278
p/32144-4247-28899.jpg 1 0 0 474 312
p/19282-25829-10906.jpg 1 0 0 474 312
p/11088-27839-4143.jpg 1 0 0 474 315
p/14688-3471-26349.jpg 1 0 0 474 316
p/10536-10327-501.jpg 1 0 0 474 321
p/27370-1158-9448.jpg 1 0 0 474 266
p/5305-30724-10154.jpg 1 0 0 474 316
p/4981-2637-14302.jpg 1 0 0 474 296
p/7934-14406-30552.jpg 1 0 0 474 316
p/2465-22875-10891.jpg 1 0 0 474 316
p/27652-19588-14952.jpg 1 0 0 474 355
p/15433-4533-13931.jpg 1 0 0 474 255
p/21026-15777-8317.jpg 1 0 0 474 316
p/22075-9570-4936.jpg 1 0 0 474 266
p/16233-3727-29543.jpg 1 0 0 474 355
p/19864-11110-21528.jpg 1 0 0 474 296
p/4950-31337-6234.jpg 1 0 0 474 316
p/19426-19539-24609.jpg 1 0 0 474 355
p/29512-27323-31421.jpg 1 0 0 474 355
p/27375-9034-26083.jpg 1 0 0 474 355
p/32379-29911-30664.jpg 1 0 0 474 355
p/11374-27708-14855.jpg 1 0 0 474 241
p/12879-1367-12912.jpg 1 0 0 474 283
p/9104-6032-84.jpg 1 0 0 474 355
p/2031-30042-23475.jpg 1 0 0 474 316
p/8274-21850-1924.jpg 1 0 0 474 355
p/31598-4197-28928.jpg 1 0 0 474 339
p/8519-8071-2394.jpg 1 0 0 474 355
p/644-14287-6506.jpg 1 0 0 474 264
p/27072-2076-1103.jpg 1 0 0 474 251
p/25671-15905-32271.jpg 1 0 0 474 312
p/15344-25103-23362.jpg 1 0 0 474 320
p/20651-7606-9551.jpg 1 0 0 474 315
p/30049-19072-16913.jpg 1 0 0 474 248
p/30754-7279-16858.jpg 1 0 0 474 249
p/89-19034-13994.jpg 1 0 0 474 314
p/15222-16998-7773.jpg 1 0 0 474 316
p/26539-13288-29172.jpg 1 0 0 474 266
p/23186-31540-18091.jpg 1 0 0 474 355
p/31364-10685-29446.jpg 1 0 0 474 312
p/2844-8196-25215.jpg 1 0 0 474 355
p/27121-24874-21015.jpg 1 0 0 474 296
p/21564-8792-10699.jpg 1 0 0 474 312
p/14756-8310-6463.jpg 1 0 0 474 316
p/25284-20602-1878.jpg 1 0 0 474 272
p/17046-19295-2839.jpg 1 0 0 474 316
p/13391-19762-3487.jpg 1 0 0 474 308
p/9326-19291-14932.jpg 1 0 0 474 316
p/26566-28018-26683.jpg 1 0 0 474 266
p/12088-882-17362.jpg 1 0 0 474 355
p/10843-7236-12398.jpg 1 0 0 474 316
p/32734-32118-2371.jpg 1 0 0 474 316
p/20207-8941-25640.jpg 1 0 0 474 311
p/10637-5956-11704.jpg 1 0 0 474 316
p/19709-4134-19583.jpg 1 0 0 474 296
p/20645-3794-11267.jpg 1 0 0 474 346
p/29905-24724-22490.jpg 1 0 0 474 711
p/15342-17478-3961.jpg 1 0 0 474 267
p/22958-14588-11410.jpg 1 0 0 474 355
p/21922-26594-17611.jpg 1 0 0 474 312
p/10220-5606-23544.jpg 1 0 0 474 316
p/14719-1565-13636.jpg 1 0 0 474 229
p/19404-18491-1796.jpg 1 0 0 474 266
p/15130-14528-10817.jpg 1 0 0 474 281
p/18145-19665-500.jpg 1 0 0 474 315
p/11423-31220-5665.jpg 1 0 0 474 317
p/18343-19799-15118.jpg 1 0 0 474 355
p/14809-9441-6766.jpg 1 0 0 474 316
p/31869-6426-15188.jpg 1 0 0 474 355
p/2891-5814-10301.jpg 1 0 0 474 290
p/21601-11096-222.jpg 1 0 0 474 314
p/3333-8917-32120.jpg 1 0 0 474 266
p/18706-28183-23099.jpg 1 0 0 474 267
p/6278-15560-24397.jpg 1 0 0 474 312
p/12365-3024-15342.jpg 1 0 0 474 308
p/26661-5427-30952.jpg 1 0 0 474 355
p/19850-31286-22382.jpg 1 0 0 474 314
p/20122-11643-13182.jpg 1 0 0 474 295
p/17899-25474-18969.jpg 1 0 0 474 266
p/32490-12838-11655.jpg 1 0 0 474 316
p/14540-13431-23678.jpg 1 0 0 474 324
p/30507-24305-2431.jpg 1 0 0 474 267
p/12557-2757-26313.jpg 1 0 0 474 316
p/24875-17811-29268.jpg 1 0 0 474 267
p/10381-2709-17110.jpg 1 0 0 474 318
p/2096-9380-7370.jpg 1 0 0 474 315
p/29095-25135-19245.jpg 1 0 0 474 312
p/8852-26886-5002.jpg 1 0 0 474 302
p/29649-31995-20783.jpg 1 0 0 474 283
p/1920-31108-1950.jpg 1 0 0 474 355
p/5150-27902-23972.jpg 1 0 0 474 267
p/13387-27250-15147.jpg 1 0 0 474 315
p/31881-385-22116.jpg 1 0 0 474 316
p/21345-17127-24821.jpg 1 0 0 474 316
p/3590-30937-28876.jpg 1 0 0 474 266
p/5340-23329-12181.jpg 1 0 0 474 330
p/26366-12614-29236.jpg 1 0 0 474 355
p/23867-4156-21178.jpg 1 0 0 474 325
p/1491-7812-11699.jpg 1 0 0 474 229
p/25995-25589-12024.jpg 1 0 0 474 289
p/27726-5096-6970.jpg 1 0 0 474 266
p/1721-3638-20049.jpg 1 0 0 474 316
p/17205-1338-28048.jpg 1 0 0 474 316
p/23393-12164-12038.jpg 1 0 0 474 355
p/29402-49-2390.jpg 1 0 0 474 316
p/16191-13512-26578.jpg 1 0 0 474 248
p/30494-12970-10092.jpg 1 0 0 474 355
p/24380-16734-21444.jpg 1 0 0 474 295
p/26696-29498-10274.jpg 1 0 0 474 316
p/14944-21318-8388.jpg 1 0 0 474 266
p/1998-2588-14593.jpg 1 0 0 474 316
p/23195-22187-18280.jpg 1 0 0 474 295
p/4510-22439-29921.jpg 1 0 0 474 316
p/13535-20903-31542.jpg 1 0 0 474 312
p/710-12783-23737.jpg 1 0 0 474 316
p/1210-19244-14439.jpg 1 0 0 474 355
p/1585-25069-6351.jpg 1 0 0 474 266
p/11198-3475-1496.jpg 1 0 0 474 285
p/19439-23069-10323.jpg 1 0 0 474 315
p/6884-675-12355.jpg 1 0 0 474 270
p/13074-16025-26399.jpg 1 0 0 474 842
p/8319-19913-9563.jpg 1 0 0 474 355
p/3278-26862-12290.jpg 1 0 0 474 266
p/22142-10769-8365.jpg 1 0 0 474 295
p/17894-3157-29271.jpg 1 0 0 474 316
p/12157-24557-5273.jpg 1 0 0 474 316
p/5241-31781-7089.jpg 1 0 0 474 312
p/14519-9236-8205.jpg 1 0 0 474 281
p/22618-32295-19528.jpg 1 0 0 474 315
p/21169-26532-9701.jpg 1 0 0 474 316
p/7137-5073-8539.jpg 1 0 0 474 266
p/2638-2318-31557.jpg 1 0 0 474 316
p/17666-12011-17889.jpg 1 0 0 474 355
p/25903-17718-3530.jpg 1 0 0 474 316
p/25054-8857-21871.jpg 1 0 0 474 276
p/3800-1815-20232.jpg 1 0 0 474 266
p/14905-9951-6825.jpg 1 0 0 474 355
p/23254-25540-8596.jpg 1 0 0 474 312
p/12619-15778-32391.jpg 1 0 0 474 289
p/8134-27614-30120.jpg 1 0 0 474 248
p/5818-24369-7850.jpg 1 0 0 474 266
p/2763-19343-9679.jpg 1 0 0 474 246
p/1986-8486-18211.jpg 1 0 0 474 355
p/12781-1954-24376.jpg 1 0 0 474 355
p/5536-20120-31065.jpg 1 0 0 474 315
p/15170-30704-9208.jpg 1 0 0 474 339
p/19658-28205-14365.jpg 1 0 0 474 289
p/3530-2705-29732.jpg 1 0 0 474 316
p/19679-28363-17824.jpg 1 0 0 474 316
p/12388-7357-4843.jpg 1 0 0 474 316
p/9610-29941-10930.jpg 1 0 0 474 315
p/6036-4745-22098.jpg 1 0 0 474 315
p/19018-11867-2731.jpg 1 0 0 474 266
p/17174-29472-30258.jpg 1 0 0 474 355
p/14297-7790-22195.jpg 1 0 0 474 316
p/14227-22695-25842.jpg 1 0 0 474 355
p/3755-30488-19670.jpg 1 0 0 474 355
p/13330-7169-2495.jpg 1 0 0 474 301
p/16901-10853-9737.jpg 1 0 0 474 316
p/20482-32158-11840.jpg 1 0 0 474 349
p/29013-15949-31131.jpg 1 0 0 474 355
p/31291-1348-3453.jpg 1 0 0 474 296
p/25034-2493-30946.jpg 1 0 0 474 315
p/24070-18762-30983.jpg 1 0 0 474 256
p/21867-20336-18417.jpg 1 0 0 474 355
p/28293-229-19057.jpg 1 0 0 474 266
p/19285-6904-29387.jpg 1 0 0 474 316
p/13822-1188-20063.jpg 1 0 0 474 316
p/17510-6428-29992.jpg 1 0 0 474 316
p/3053-13480-1458.jpg 1 0 0 474 266
p/23964-4436-32535.jpg 1 0 0 474 295
p/10163-23907-6250.jpg 1 0 0 474 316
p/3488-1519-18505.jpg 1 0 0 474 290
p/7551-25826-15648.jpg 1 0 0 474 324
p/13824-20609-7905.jpg 1 0 0 474 355
p/23759-13724-28182.jpg 1 0 0 474 355
p/9226-30105-17485.jpg 1 0 0 474 312
p/7957-28887-18831.jpg 1 0 0 474 312
p/1450-17610-8352.jpg 1 0 0 474 355
p/9141-3839-16864.jpg 1 0 0 474 316
p/13101-23299-28530.jpg 1 0 0 474 355
p/20952-3955-13440.jpg 1 0 0 474 316
p/16639-9766-12918.jpg 1 0 0 474 355
p/12840-21229-23797.jpg 1 0 0 474 316
p/5803-11493-31910.jpg 1 0 0 474 275
p/9441-3968-9498.jpg 1 0 0 474 355
p/18094-786-28137.jpg 1 0 0 474 316
p/30764-1640-27660.jpg 1 0 0 474 316
p/28877-3111-19157.jpg 1 0 0 474 294
p/24069-11710-20824.jpg 1 0 0 474 316
p/15460-5965-5302.jpg 1 0 0 474 639
p/32740-4365-23908.jpg 1 0 0 474 355
p/2197-22107-3781.jpg 1 0 0 474 316
p/7488-10511-27527.jpg 1 0 0 474 316
p/13777-30759-28169.jpg 1 0 0 474 290
p/5827-16480-12498.jpg 1 0 0 474 266
p/14585-19465-21010.jpg 1 0 0 474 256
p/14351-8453-26962.jpg 1 0 0 474 256
p/12730-17687-7268.jpg 1 0 0 474 314
p/23557-13119-21036.jpg 1 0 0 474 305
p/21270-1468-156.jpg 1 0 0 474 314
p/12085-16546-23827.jpg 1 0 0 474 320
p/20857-1487-31772.jpg 1 0 0 474 299
p/31930-16601-28936.jpg 1 0 0 474 314
p/16128-16214-25359.jpg 1 0 0 474 316
p/28835-23665-17506.jpg 1 0 0 474 316
p/1682-30290-27118.jpg 1 0 0 474 316
p/15993-20056-5123.jpg 1 0 0 474 315
p/18693-3058-7829.jpg 1 0 0 474 316
p/13905-28972-17773.jpg 1 0 0 474 316
p/6892-25454-26184.jpg 1 0 0 474 355
p/24695-7092-31764.jpg 1 0 0 474 316
p/20452-2896-5602.jpg 1 0 0 474 314
p/8079-17836-5178.jpg 1 0 0 474 601
p/7103-13519-10182.jpg 1 0 0 474 315
p/3978-17920-6911.jpg 1 0 0 474 355
p/16770-30936-14339.jpg 1 0 0 474 266
p/4391-12468-4021.jpg 1 0 0 474 285
p/20403-14766-17319.jpg 1 0 0 474 315
p/30110-8027-16124.jpg 1 0 0 474 270
p/21994-17277-17101.jpg 1 0 0 474 842
p/16663-29315-11858.jpg 1 0 0 474 355
p/8240-22180-1673.jpg 1 0 0 474 266
p/19586-7773-5700.jpg 1 0 0 474 295
p/1701-14992-30983.jpg 1 0 0 474 316
p/408-28760-1459.jpg 1 0 0 474 316
p/32133-2358-1513.jpg 1 0 0 474 312
p/1546-6165-29540.jpg 1 0 0 474 281
p/16630-30456-29073.jpg 1 0 0 474 315
p/25929-29085-20467.jpg 1 0 0 474 316
p/26434-9677-11179.jpg 1 0 0 474 266
p/11219-24494-14840.jpg 1 0 0 474 316
p/6275-9077-17271.jpg 1 0 0 474 355
p/13237-3543-26414.jpg 1 0 0 474 316
p/12889-30135-22716.jpg 1 0 0 474 276
p/21879-22523-22214.jpg 1 0 0 474 266
p/11960-6075-31690.jpg 1 0 0 474 355
p/16296-10986-10657.jpg 1 0 0 474 312
p/3923-9313-24858.jpg 1 0 0 474 289
p/27216-10132-30545.jpg 1 0 0 474 248
p/13915-15233-6256.jpg 1 0 0 474 266
p/28844-8131-25959.jpg 1 0 0 474 246
p/3-26353-16061.jpg 1 0 0 474 355
p/9840-23097-31653.jpg 1 0 0 474 355
p/2501-22604-22120.jpg 1 0 0 474 315
p/23478-22332-29641.jpg 1 0 0 474 339
p/9627-17560-31337.jpg 1 0 0 474 289
p/9588-21207-22102.jpg 1 0 0 474 316
p/15420-15329-20278.jpg 1 0 0 474 316
p/4314-23055-29250.jpg 1 0 0 474 316
p/31641-77-20685.jpg 1 0 0 474 315
p/21317-31475-16379.jpg 1 0 0 474 315
p/14329-27304-13704.jpg 1 0 0 474 266
p/31041-28651-2224.jpg 1 0 0 474 355
p/15890-32639-13192.jpg 1 0 0 474 316
p/23251-9228-17482.jpg 1 0 0 474 355
p/6146-15358-24992.jpg 1 0 0 474 355
p/24732-6420-27120.jpg 1 0 0 474 301
p/24742-15561-7.jpg 1 0 0 474 316
p/15860-16981-981.jpg 1 0 0 474 349
p/25175-14815-16784.jpg 1 0 0 474 355
p/12150-8470-29420.jpg 1 0 0 474 296
p/16735-22094-1729.jpg 1 0 0 474 315
p/4692-25082-10856.jpg 1 0 0 474 256
p/18315-4328-21204.jpg 1 0 0 474 355
p/26817-20692-14632.jpg 1 0 0 474 266
p/143-24893-4557.jpg 1 0 0 474 316
p/9325-16461-8831.jpg 1 0 0 474 316
p/28607-20909-15025.jpg 1 0 0 474 316
p/2166-17978-19479.jpg 1 0 0 474 266
p/1309-23899-24269.jpg 1 0 0 474 295
p/21433-22401-23158.jpg 1 0 0 474 316
p/13108-12980-9597.jpg 1 0 0 474 290
p/12075-29871-27899.jpg 1 0 0 474 324
p/778-14056-30304.jpg 1 0 0 474 355
p/30204-4079-27234.jpg 1 0 0 474 355
p/3649-31218-22208.jpg 1 0 0 474 312
p/11951-21119-10539.jpg 1 0 0 474 312
p/11405-32148-27194.jpg 1 0 0 474 355
p/511-21287-20753.jpg 1 0 0 474 316
p/18400-8703-17388.jpg 1 0 0 474 355
p/20939-16661-8103.jpg 1 0 0 474 316
p/30950-32262-9692.jpg 1 0 0 474 355
p/27642-5722-21153.jpg 1 0 0 474 316
p/28328-17846-27936.jpg 1 0 0 474 275
p/18984-3245-9552.jpg 1 0 0 474 355
p/24904-19282-15985.jpg 1 0 0 474 316
p/3775-15870-29004.jpg 1 0 0 474 316
p/18628-20993-25469.jpg 1 0 0 474 294
p/9838-4698-8235.jpg 1 0 0 474 316
p/30166-16492-28905.jpg 1 0 0 474 639
p/20-8185-11823.jpg 1 0 0 474 355
p/14692-8304-26364.jpg 1 0 0 474 316
p/26465-9667-10714.jpg 1 0 0 474 316
p/13346-9532-16480.jpg 1 0 0 474 290
p/24788-28089-2551.jpg 1 0 0 474 266
p/28957-28070-20124.jpg 1 0 0 474 256
p/12131-31112-15937.jpg 1 0 0 474 256
p/3258-10225-13434.jpg 1 0 0 474 314
p/31200-8572-26621.jpg 1 0 0 474 305
p/3780-20515-9550.jpg 1 0 0 474 314
p/5238-13183-28731.jpg 1 0 0 474 320
p/22317-24099-20410.jpg 1 0 0 474 299
p/4121-17033-4064.jpg 1 0 0 474 314
p/8998-24619-30515.jpg 1 0 0 474 316
p/26762-30161-6322.jpg 1 0 0 474 315
p/18907-28166-13595.jpg 1 0 0 474 314
p/4930-2498-10198.jpg 1 0 0 474 316
p/16653-11497-23360.jpg 1 0 0 474 316
p/1726-25407-6254.jpg 1 0 0 474 316
p/22673-2024-18910.jpg 1 0 0 474 316
p/23529-2523-18173.jpg 1 0 0 474 316
p/31712-18321-20786.jpg 1 0 0 474 355
p/19356-18863-23460.jpg 1 0 0 474 601
p/8425-12353-20978.jpg 1 0 0 474 315